
 CELL_TOP| Volume [angstrom^3]:                                         2744.000
 CELL_TOP| Vector a [angstrom    14.000     0.000     0.000    |a| =      14.000
 CELL_TOP| Vector b [angstrom     0.000    14.000     0.000    |b| =      14.000
 CELL_TOP| Vector c [angstrom     0.000     0.000    14.000    |c| =      14.000
 CELL_TOP| Angle (b,c), alpha [degree]:                                   90.000
 CELL_TOP| Angle (a,c), beta  [degree]:                                   90.000
 CELL_TOP| Angle (a,b), gamma [degree]:                                   90.000
 CELL_TOP| Numerically orthorhombic:                                         YES

 CELL| Volume [angstrom^3]:                                             2744.000
 CELL| Vector a [angstrom]:      14.000     0.000     0.000    |a| =      14.000
 CELL| Vector b [angstrom]:       0.000    14.000     0.000    |b| =      14.000
 CELL| Vector c [angstrom]:       0.000     0.000    14.000    |c| =      14.000
 CELL| Angle (b,c), alpha [degree]:                                       90.000
 CELL| Angle (a,c), beta  [degree]:                                       90.000
 CELL| Angle (a,b), gamma [degree]:                                       90.000
 CELL| Numerically orthorhombic:                                             YES

 CELL_REF| Volume [angstrom^3]:                                         2744.000
 CELL_REF| Vector a [angstrom    14.000     0.000     0.000    |a| =      14.000
 CELL_REF| Vector b [angstrom     0.000    14.000     0.000    |b| =      14.000
 CELL_REF| Vector c [angstrom     0.000     0.000    14.000    |c| =      14.000
 CELL_REF| Angle (b,c), alpha [degree]:                                   90.000
 CELL_REF| Angle (a,c), beta  [degree]:                                   90.000
 CELL_REF| Angle (a,b), gamma [degree]:                                   90.000
 CELL_REF| Numerically orthorhombic:                                         YES

 *******************************************************************************
 *******************************************************************************
 **                                                                           **
 **     #####                         ##              ##                      **
 **    ##   ##            ##          ##              ##                      **
 **   ##     ##                       ##            ######                    **
 **   ##     ##  ##   ##  ##   #####  ##  ##   ####   ##    #####    #####    **
 **   ##     ##  ##   ##  ##  ##      ## ##   ##      ##   ##   ##  ##   ##   **
 **   ##  ## ##  ##   ##  ##  ##      ####     ###    ##   ######   ######    **
 **    ##  ###   ##   ##  ##  ##      ## ##      ##   ##   ##       ##        **
 **     #######   #####   ##   #####  ##  ##  ####    ##    #####   ##        **
 **           ##                                                    ##        **
 **                                                                           **
 **                                                ... make the atoms dance   **
 **                                                                           **
 **            Copyright (C) by CP2K developers group (2000 - 2018)           **
 **                                                                           **
 *******************************************************************************

 DFT| Spin unrestricted (spin-polarized) Kohn-Sham calculation               UKS
 DFT| Multiplicity                                                             2
 DFT| Number of spin states                                                    2
 DFT| Charge                                                                   1
 DFT| Self-interaction correction (SIC)                                       NO
 DFT| Cutoffs: density                                              1.000000E-10
 DFT|          gradient                                             1.000000E-10
 DFT|          tau                                                  1.000000E-10
 DFT|          cutoff_smoothing_range                               0.000000E+00
 DFT| XC density smoothing                                                  NONE
 DFT| XC derivatives                                                          PW
 FUNCTIONAL| NO EXCHANGE-CORRELATION FUNCTIONAL USED.

 QS| Method:                                                                GAPW
 QS| Density plane wave grid type                        NON-SPHERICAL FULLSPACE
 QS| Number of grid levels:                                                    4
 QS| Density cutoff [a.u.]:                                                140.0
 QS| Multi grid cutoff [a.u.]: 1) grid level                               140.0
 QS|                           2) grid level                                46.7
 QS|                           3) grid level                                15.6
 QS|                           4) grid level                                 5.2
 QS| Grid level progression factor:                                          3.0
 QS| Relative density cutoff [a.u.]:                                        20.0
 QS| Consistent realspace mapping and integration 
 QS| Interaction thresholds: eps_pgf_orb:                                1.0E-06
 QS|                         eps_filter_matrix:                          0.0E+00
 QS|                         eps_core_charge:                            1.0E-14
 QS|                         eps_rho_gspace:                             1.0E-12
 QS|                         eps_rho_rspace:                             1.0E-12
 QS|                         eps_gvg_rspace:                             1.0E-06
 QS|                         eps_ppl:                                    1.0E-02
 QS|                         eps_ppnl:                                   1.0E-08
 QS| GAPW|                   eps_fit:                                    1.0E-04
 QS| GAPW|                   eps_iso:                                    1.0E-12
 QS| GAPW|                   eps_svd:                                    1.0E-08
 QS| GAPW|                   eps_cpc:                                    1.0E-12
 QS| GAPW|   atom-r-grid: quadrature:                 GC_LOG                        
 QS| GAPW|      atom-s-grid:  max l :                                          0
 QS| GAPW|      max_l_rho0 :                                                   2


 ATOMIC KIND INFORMATION

  1. Atomic kind: He_plus                               Number of atoms:       1

     Orbital Basis Set                                               DZVP-S-ONLY

       Number of orbital shell sets:                                           1
       Number of orbital shells:                                               2
       Number of primitive Cartesian functions:                                4
       Number of Cartesian basis functions:                                    2
       Number of spherical basis functions:                                    2
       Norm type:                                                              2

       Normalised Cartesian orbitals:

                        Set   Shell   Orbital            Exponent    Coefficient

                          1       1    2s               11.042785      -0.333644
                                                         2.784478      -0.384702
                                                         0.777509      -0.281457
                                                         0.222223      -0.083673

                          1       2    3s               11.042785      -0.405313
                                                         2.784478      -0.536026
                                                         0.777509      -0.441395
                                                         0.222223       0.297058

     The atoms of this atomic kind are PAW atoms (GAPW):
       Hard Gaussian function radius:                                      1.512
       Rho0 radius:                                                        1.512
       Maximum GTO radius used for PAW projector construction:            24.566

     GAPW Soft Basis Set                                        DZVP-S-ONLY_soft

       Number of orbital shell sets:                                           1
       Number of orbital shells:                                               2
       Number of primitive Cartesian functions:                                3
       Number of Cartesian basis functions:                                    2
       Number of spherical basis functions:                                    2
       Norm type:                                                              2

       Normalised Cartesian orbitals:

                        Set   Shell   Orbital            Exponent    Coefficient

                          1       1    2s                2.784478      -0.384702
                                                         0.777509      -0.281457
                                                         0.222223      -0.083673

                          1       2    3s                2.784478      -0.536026
                                                         0.777509      -0.441395
                                                         0.222223       0.297058

     AE Potential information for                                            ALL

       Description:                                       All-electron potential
                                          Krack, Parrinello, PCCP 2, 2105 (2000)

       Gaussian exponent of the core charge distribution:              12.500000
       Electronic configuration (s p d ...):                           2   0   0

  2. Atomic kind: He                                    Number of atoms:       1

     Orbital Basis Set                                               DZVP-S-ONLY

       Number of orbital shell sets:                                           1
       Number of orbital shells:                                               2
       Number of primitive Cartesian functions:                                4
       Number of Cartesian basis functions:                                    2
       Number of spherical basis functions:                                    2
       Norm type:                                                              2

       Normalised Cartesian orbitals:

                        Set   Shell   Orbital            Exponent    Coefficient

                          1       1    2s               11.042785      -0.333644
                                                         2.784478      -0.384702
                                                         0.777509      -0.281457
                                                         0.222223      -0.083673

                          1       2    3s               11.042785      -0.405313
                                                         2.784478      -0.536026
                                                         0.777509      -0.441395
                                                         0.222223       0.297058

     The atoms of this atomic kind are PAW atoms (GAPW):
       Hard Gaussian function radius:                                      1.512
       Rho0 radius:                                                        1.512
       Maximum GTO radius used for PAW projector construction:            24.566

     GAPW Soft Basis Set                                        DZVP-S-ONLY_soft

       Number of orbital shell sets:                                           1
       Number of orbital shells:                                               2
       Number of primitive Cartesian functions:                                3
       Number of Cartesian basis functions:                                    2
       Number of spherical basis functions:                                    2
       Norm type:                                                              2

       Normalised Cartesian orbitals:

                        Set   Shell   Orbital            Exponent    Coefficient

                          1       1    2s                2.784478      -0.384702
                                                         0.777509      -0.281457
                                                         0.222223      -0.083673

                          1       2    3s                2.784478      -0.536026
                                                         0.777509      -0.441395
                                                         0.222223       0.297058

     AE Potential information for                                            ALL

       Description:                                       All-electron potential
                                          Krack, Parrinello, PCCP 2, 2105 (2000)

       Gaussian exponent of the core charge distribution:              12.500000
       Electronic configuration (s p d ...):                           2   0   0


 MOLECULE KIND INFORMATION


 All atoms are their own molecule, skipping detailed information


 TOTAL NUMBERS AND MAXIMUM NUMBERS

  Total number of            - Atomic kinds:                                   2
                             - Atoms:                                          2
                             - Shell sets:                                     2
                             - Shells:                                         4
                             - Primitive Cartesian functions:                  8
                             - Cartesian basis functions:                      4
                             - Spherical basis functions:                      4

  Maximum angular momentum of the orbital basis functions:                     0


 MODULE QUICKSTEP:  ATOMIC COORDINATES IN angstrom

  Atom  Kind  Element       X           Y           Z          Z(eff)       Mass

       1     1 He   2    7.000000    7.000000    4.000000      2.00       4.0026
       2     2 He   2    7.000000    7.000000   10.000000      2.00       4.0026




 SCF PARAMETERS         Density guess:                                    ATOMIC
                        --------------------------------------------------------
                        max_scf:                                              60
                        max_scf_history:                                       0
                        max_diis:                                              4
                        --------------------------------------------------------
                        eps_scf:                                        1.00E-07
                        eps_scf_history:                                0.00E+00
                        eps_diis:                                       1.00E-01
                        eps_eigval:                                     1.00E-05
                        --------------------------------------------------------
                        level_shift [a.u.]:                                 0.00
                        --------------------------------------------------------
                        Mixing method:                           DIRECT_P_MIXING
                        --------------------------------------------------------
                        Outer loop SCF in use 
                        No variables optimised in outer loop
                        eps_scf                                         1.00E-06
                        max_scf                                                6
                        No outer loop optimization
                        step_size                                       5.00E-01

 PW_GRID| Information for grid number                                          1
 PW_GRID| Grid distributed over                                     8 processors
 PW_GRID| Real space group dimensions                                     8    1
 PW_GRID| the grid is blocked:                                                NO
 PW_GRID| Cutoff [a.u.]                                                    280.0
 PW_GRID| spherical cutoff:                                                   NO
 PW_GRID|   Bounds   1           -100      99                Points:         200
 PW_GRID|   Bounds   2           -100      99                Points:         200
 PW_GRID|   Bounds   3           -100      99                Points:         200
 PW_GRID| Volume element (a.u.^3)  0.2315E-02     Volume (a.u.^3)     18517.4301
 PW_GRID| Grid span                                                    FULLSPACE
 PW_GRID|   Distribution                         Average         Max         Min
 PW_GRID|   G-Vectors                          1000000.0     1000000     1000000
 PW_GRID|   G-Rays                                5000.0        5000        5000
 PW_GRID|   Real Space Points                  1000000.0     1000000     1000000

 PW_GRID| Information for grid number                                          2
 PW_GRID| Grid distributed over                                     8 processors
 PW_GRID| Real space group dimensions                                     8    1
 PW_GRID| the grid is blocked:                                                NO
 PW_GRID| Cutoff [a.u.]                                                    140.0
 PW_GRID| spherical cutoff:                                                   NO
 PW_GRID|   Bounds   1            -72      71                Points:         144
 PW_GRID|   Bounds   2            -72      71                Points:         144
 PW_GRID|   Bounds   3            -72      71                Points:         144
 PW_GRID| Volume element (a.u.^3)  0.6201E-02     Volume (a.u.^3)     18517.4301
 PW_GRID| Grid span                                                    FULLSPACE
 PW_GRID|   Distribution                         Average         Max         Min
 PW_GRID|   G-Vectors                           373248.0      373392      373104
 PW_GRID|   G-Rays                                2592.0        2593        2591
 PW_GRID|   Real Space Points                   373248.0      373248      373248

 PW_GRID| Information for grid number                                          3
 PW_GRID| Grid distributed over                                     8 processors
 PW_GRID| Real space group dimensions                                     8    1
 PW_GRID| the grid is blocked:                                                NO
 PW_GRID| Cutoff [a.u.]                                                     46.7
 PW_GRID| spherical cutoff:                                                   NO
 PW_GRID|   Bounds   1            -42      41                Points:          84
 PW_GRID|   Bounds   2            -42      41                Points:          84
 PW_GRID|   Bounds   3            -42      41                Points:          84
 PW_GRID| Volume element (a.u.^3)  0.3124E-01     Volume (a.u.^3)     18517.4301
 PW_GRID| Grid span                                                    FULLSPACE
 PW_GRID|   Distribution                         Average         Max         Min
 PW_GRID|   G-Vectors                            74088.0       74256       74004
 PW_GRID|   G-Rays                                 882.0         884         881
 PW_GRID|   Real Space Points                    74088.0       77616       70560

 PW_GRID| Information for grid number                                          4
 PW_GRID| Grid distributed over                                     8 processors
 PW_GRID| Real space group dimensions                                     8    1
 PW_GRID| the grid is blocked:                                                NO
 PW_GRID| Cutoff [a.u.]                                                     15.6
 PW_GRID| spherical cutoff:                                                   NO
 PW_GRID|   Bounds   1            -24      23                Points:          48
 PW_GRID|   Bounds   2            -24      23                Points:          48
 PW_GRID|   Bounds   3            -24      23                Points:          48
 PW_GRID| Volume element (a.u.^3)  0.1674         Volume (a.u.^3)     18517.4301
 PW_GRID| Grid span                                                    FULLSPACE
 PW_GRID|   Distribution                         Average         Max         Min
 PW_GRID|   G-Vectors                            13824.0       13872       13776
 PW_GRID|   G-Rays                                 288.0         289         287
 PW_GRID|   Real Space Points                    13824.0       13824       13824

 PW_GRID| Information for grid number                                          5
 PW_GRID| Grid distributed over                                     8 processors
 PW_GRID| Real space group dimensions                                     8    1
 PW_GRID| the grid is blocked:                                                NO
 PW_GRID| Cutoff [a.u.]                                                      5.2
 PW_GRID| spherical cutoff:                                                   NO
 PW_GRID|   Bounds   1            -13      13                Points:          27
 PW_GRID|   Bounds   2            -13      13                Points:          27
 PW_GRID|   Bounds   3            -13      13                Points:          27
 PW_GRID| Volume element (a.u.^3)  0.9408         Volume (a.u.^3)     18517.4301
 PW_GRID| Grid span                                                    FULLSPACE
 PW_GRID|   Distribution                         Average         Max         Min
 PW_GRID|   G-Vectors                             2460.4        2538        2430
 PW_GRID|   G-Rays                                  91.1          94          90
 PW_GRID|   Real Space Points                     2460.4        2916        2187

 POISSON| Solver                                          Martyna-Tuckerman (MT)
 POISSON| MT| Alpha                                                        7.000
 POISSON| MT| Relative cutoff                                                2.0
 POISSON| Periodicity                                                       NONE

 RS_GRID| Information for grid number                                          2
 RS_GRID|   Bounds   1            -72      71                Points:         144
 RS_GRID|   Bounds   2            -72      71                Points:         144
 RS_GRID|   Bounds   3            -72      71                Points:         144
 RS_GRID| Real space distribution over                                  8 groups
 RS_GRID| Real space distribution along direction                              3
 RS_GRID| Border size                                                         19
 RS_GRID|   Distribution                         Average         Max         Min
 RS_GRID|   Planes                                  56.0          56          56

 RS_GRID| Information for grid number                                          3
 RS_GRID|   Bounds   1            -42      41                Points:          84
 RS_GRID|   Bounds   2            -42      41                Points:          84
 RS_GRID|   Bounds   3            -42      41                Points:          84
 RS_GRID| Real space fully replicated
 RS_GRID| Group size                                                           1

 RS_GRID| Information for grid number                                          4
 RS_GRID|   Bounds   1            -24      23                Points:          48
 RS_GRID|   Bounds   2            -24      23                Points:          48
 RS_GRID|   Bounds   3            -24      23                Points:          48
 RS_GRID| Real space fully replicated
 RS_GRID| Group size                                                           1

 RS_GRID| Information for grid number                                          5
 RS_GRID|   Bounds   1            -13      13                Points:          27
 RS_GRID|   Bounds   2            -13      13                Points:          27
 RS_GRID|   Bounds   3            -13      13                Points:          27
 RS_GRID| Real space fully replicated
 RS_GRID| Group size                                                           1

  HFX_INFO| Replica ID:                                                        1
  HFX_INFO| EPS_SCHWARZ:                                                 1.0E-12
  HFX_INFO| EPS_SCHWARZ_FORCES                                           1.0E-06
  HFX_INFO| EPS_STORAGE_SCALING:                                         1.0E+00
  HFX_INFO| NBINS:                                                            64
  HFX_INFO| BLOCK_SIZE:                                                        1
  HFX_INFO| FRACTION:                                               1.0000000000
  HFX_INFO| Interaction Potential:                                       COULOMB
  HFX_INFO| Number of periodic shells considered:                           NONE
  HFX_INFO| Number of periodic cells considered:                            NONE


 CELL_TOP| Volume [angstrom^3]:                                         2744.000
 CELL_TOP| Vector a [angstrom    14.000     0.000     0.000    |a| =      14.000
 CELL_TOP| Vector b [angstrom     0.000    14.000     0.000    |b| =      14.000
 CELL_TOP| Vector c [angstrom     0.000     0.000    14.000    |c| =      14.000
 CELL_TOP| Angle (b,c), alpha [degree]:                                   90.000
 CELL_TOP| Angle (a,c), beta  [degree]:                                   90.000
 CELL_TOP| Angle (a,b), gamma [degree]:                                   90.000
 CELL_TOP| Numerically orthorhombic:                                         YES

 CELL| Volume [angstrom^3]:                                             2744.000
 CELL| Vector a [angstrom]:      14.000     0.000     0.000    |a| =      14.000
 CELL| Vector b [angstrom]:       0.000    14.000     0.000    |b| =      14.000
 CELL| Vector c [angstrom]:       0.000     0.000    14.000    |c| =      14.000
 CELL| Angle (b,c), alpha [degree]:                                       90.000
 CELL| Angle (a,c), beta  [degree]:                                       90.000
 CELL| Angle (a,b), gamma [degree]:                                       90.000
 CELL| Numerically orthorhombic:                                             YES

 CELL_REF| Volume [angstrom^3]:                                         2744.000
 CELL_REF| Vector a [angstrom    14.000     0.000     0.000    |a| =      14.000
 CELL_REF| Vector b [angstrom     0.000    14.000     0.000    |b| =      14.000
 CELL_REF| Vector c [angstrom     0.000     0.000    14.000    |c| =      14.000
 CELL_REF| Angle (b,c), alpha [degree]:                                   90.000
 CELL_REF| Angle (a,c), beta  [degree]:                                   90.000
 CELL_REF| Angle (a,b), gamma [degree]:                                   90.000
 CELL_REF| Numerically orthorhombic:                                         YES

 *******************************************************************************
 *******************************************************************************
 **                                                                           **
 **     #####                         ##              ##                      **
 **    ##   ##            ##          ##              ##                      **
 **   ##     ##                       ##            ######                    **
 **   ##     ##  ##   ##  ##   #####  ##  ##   ####   ##    #####    #####    **
 **   ##     ##  ##   ##  ##  ##      ## ##   ##      ##   ##   ##  ##   ##   **
 **   ##  ## ##  ##   ##  ##  ##      ####     ###    ##   ######   ######    **
 **    ##  ###   ##   ##  ##  ##      ## ##      ##   ##   ##       ##        **
 **     #######   #####   ##   #####  ##  ##  ####    ##    #####   ##        **
 **           ##                                                    ##        **
 **                                                                           **
 **                                                ... make the atoms dance   **
 **                                                                           **
 **            Copyright (C) by CP2K developers group (2000 - 2018)           **
 **                                                                           **
 *******************************************************************************

 DFT| Spin unrestricted (spin-polarized) Kohn-Sham calculation               UKS
 DFT| Multiplicity                                                             2
 DFT| Number of spin states                                                    2
 DFT| Charge                                                                   1
 DFT| Self-interaction correction (SIC)                                       NO
 DFT| Cutoffs: density                                              1.000000E-10
 DFT|          gradient                                             1.000000E-10
 DFT|          tau                                                  1.000000E-10
 DFT|          cutoff_smoothing_range                               0.000000E+00
 DFT| XC density smoothing                                                  NONE
 DFT| XC derivatives                                                          PW
 FUNCTIONAL| NO EXCHANGE-CORRELATION FUNCTIONAL USED.

 QS| Method:                                                                GAPW
 QS| Density plane wave grid type                        NON-SPHERICAL FULLSPACE
 QS| Number of grid levels:                                                    4
 QS| Density cutoff [a.u.]:                                                140.0
 QS| Multi grid cutoff [a.u.]: 1) grid level                               140.0
 QS|                           2) grid level                                46.7
 QS|                           3) grid level                                15.6
 QS|                           4) grid level                                 5.2
 QS| Grid level progression factor:                                          3.0
 QS| Relative density cutoff [a.u.]:                                        20.0
 QS| Consistent realspace mapping and integration 
 QS| Interaction thresholds: eps_pgf_orb:                                1.0E-06
 QS|                         eps_filter_matrix:                          0.0E+00
 QS|                         eps_core_charge:                            1.0E-14
 QS|                         eps_rho_gspace:                             1.0E-12
 QS|                         eps_rho_rspace:                             1.0E-12
 QS|                         eps_gvg_rspace:                             1.0E-06
 QS|                         eps_ppl:                                    1.0E-02
 QS|                         eps_ppnl:                                   1.0E-08
 QS| GAPW|                   eps_fit:                                    1.0E-04
 QS| GAPW|                   eps_iso:                                    1.0E-12
 QS| GAPW|                   eps_svd:                                    1.0E-08
 QS| GAPW|                   eps_cpc:                                    1.0E-12
 QS| GAPW|   atom-r-grid: quadrature:                 GC_LOG                        
 QS| GAPW|      atom-s-grid:  max l :                                          0
 QS| GAPW|      max_l_rho0 :                                                   2


 ATOMIC KIND INFORMATION

  1. Atomic kind: He                                    Number of atoms:       1

     Orbital Basis Set                                               DZVP-S-ONLY

       Number of orbital shell sets:                                           1
       Number of orbital shells:                                               2
       Number of primitive Cartesian functions:                                4
       Number of Cartesian basis functions:                                    2
       Number of spherical basis functions:                                    2
       Norm type:                                                              2

       Normalised Cartesian orbitals:

                        Set   Shell   Orbital            Exponent    Coefficient

                          1       1    2s               11.042785      -0.333644
                                                         2.784478      -0.384702
                                                         0.777509      -0.281457
                                                         0.222223      -0.083673

                          1       2    3s               11.042785      -0.405313
                                                         2.784478      -0.536026
                                                         0.777509      -0.441395
                                                         0.222223       0.297058

     The atoms of this atomic kind are PAW atoms (GAPW):
       Hard Gaussian function radius:                                      1.512
       Rho0 radius:                                                        1.512
       Maximum GTO radius used for PAW projector construction:            24.566

     GAPW Soft Basis Set                                        DZVP-S-ONLY_soft

       Number of orbital shell sets:                                           1
       Number of orbital shells:                                               2
       Number of primitive Cartesian functions:                                3
       Number of Cartesian basis functions:                                    2
       Number of spherical basis functions:                                    2
       Norm type:                                                              2

       Normalised Cartesian orbitals:

                        Set   Shell   Orbital            Exponent    Coefficient

                          1       1    2s                2.784478      -0.384702
                                                         0.777509      -0.281457
                                                         0.222223      -0.083673

                          1       2    3s                2.784478      -0.536026
                                                         0.777509      -0.441395
                                                         0.222223       0.297058

     AE Potential information for                                            ALL

       Description:                                       All-electron potential
                                          Krack, Parrinello, PCCP 2, 2105 (2000)

       Gaussian exponent of the core charge distribution:              12.500000
       Electronic configuration (s p d ...):                           2   0   0

  2. Atomic kind: He_plus                               Number of atoms:       1

     Orbital Basis Set                                               DZVP-S-ONLY

       Number of orbital shell sets:                                           1
       Number of orbital shells:                                               2
       Number of primitive Cartesian functions:                                4
       Number of Cartesian basis functions:                                    2
       Number of spherical basis functions:                                    2
       Norm type:                                                              2

       Normalised Cartesian orbitals:

                        Set   Shell   Orbital            Exponent    Coefficient

                          1       1    2s               11.042785      -0.333644
                                                         2.784478      -0.384702
                                                         0.777509      -0.281457
                                                         0.222223      -0.083673

                          1       2    3s               11.042785      -0.405313
                                                         2.784478      -0.536026
                                                         0.777509      -0.441395
                                                         0.222223       0.297058

     The atoms of this atomic kind are PAW atoms (GAPW):
       Hard Gaussian function radius:                                      1.512
       Rho0 radius:                                                        1.512
       Maximum GTO radius used for PAW projector construction:            24.566

     GAPW Soft Basis Set                                        DZVP-S-ONLY_soft

       Number of orbital shell sets:                                           1
       Number of orbital shells:                                               2
       Number of primitive Cartesian functions:                                3
       Number of Cartesian basis functions:                                    2
       Number of spherical basis functions:                                    2
       Norm type:                                                              2

       Normalised Cartesian orbitals:

                        Set   Shell   Orbital            Exponent    Coefficient

                          1       1    2s                2.784478      -0.384702
                                                         0.777509      -0.281457
                                                         0.222223      -0.083673

                          1       2    3s                2.784478      -0.536026
                                                         0.777509      -0.441395
                                                         0.222223       0.297058

     AE Potential information for                                            ALL

       Description:                                       All-electron potential
                                          Krack, Parrinello, PCCP 2, 2105 (2000)

       Gaussian exponent of the core charge distribution:              12.500000
       Electronic configuration (s p d ...):                           2   0   0


 MOLECULE KIND INFORMATION


 All atoms are their own molecule, skipping detailed information


 TOTAL NUMBERS AND MAXIMUM NUMBERS

  Total number of            - Atomic kinds:                                   2
                             - Atoms:                                          2
                             - Shell sets:                                     2
                             - Shells:                                         4
                             - Primitive Cartesian functions:                  8
                             - Cartesian basis functions:                      4
                             - Spherical basis functions:                      4

  Maximum angular momentum of the orbital basis functions:                     0


 MODULE QUICKSTEP:  ATOMIC COORDINATES IN angstrom

  Atom  Kind  Element       X           Y           Z          Z(eff)       Mass

       1     1 He   2    7.000000    7.000000    4.000000      2.00       4.0026
       2     2 He   2    7.000000    7.000000   10.000000      2.00       4.0026




 SCF PARAMETERS         Density guess:                                    ATOMIC
                        --------------------------------------------------------
                        max_scf:                                              60
                        max_scf_history:                                       0
                        max_diis:                                              4
                        --------------------------------------------------------
                        eps_scf:                                        1.00E-07
                        eps_scf_history:                                0.00E+00
                        eps_diis:                                       1.00E-01
                        eps_eigval:                                     1.00E-05
                        --------------------------------------------------------
                        level_shift [a.u.]:                                 0.00
                        --------------------------------------------------------
                        Mixing method:                           DIRECT_P_MIXING
                        --------------------------------------------------------
                        Outer loop SCF in use 
                        No variables optimised in outer loop
                        eps_scf                                         1.00E-06
                        max_scf                                                6
                        No outer loop optimization
                        step_size                                       5.00E-01

 PW_GRID| Information for grid number                                          6
 PW_GRID| Grid distributed over                                     8 processors
 PW_GRID| Real space group dimensions                                     8    1
 PW_GRID| the grid is blocked:                                                NO
 PW_GRID| Cutoff [a.u.]                                                    280.0
 PW_GRID| spherical cutoff:                                                   NO
 PW_GRID|   Bounds   1           -100      99                Points:         200
 PW_GRID|   Bounds   2           -100      99                Points:         200
 PW_GRID|   Bounds   3           -100      99                Points:         200
 PW_GRID| Volume element (a.u.^3)  0.2315E-02     Volume (a.u.^3)     18517.4301
 PW_GRID| Grid span                                                    FULLSPACE
 PW_GRID|   Distribution                         Average         Max         Min
 PW_GRID|   G-Vectors                          1000000.0     1000000     1000000
 PW_GRID|   G-Rays                                5000.0        5000        5000
 PW_GRID|   Real Space Points                  1000000.0     1000000     1000000

 PW_GRID| Information for grid number                                          7
 PW_GRID| Grid distributed over                                     8 processors
 PW_GRID| Real space group dimensions                                     8    1
 PW_GRID| the grid is blocked:                                                NO
 PW_GRID| Cutoff [a.u.]                                                    140.0
 PW_GRID| spherical cutoff:                                                   NO
 PW_GRID|   Bounds   1            -72      71                Points:         144
 PW_GRID|   Bounds   2            -72      71                Points:         144
 PW_GRID|   Bounds   3            -72      71                Points:         144
 PW_GRID| Volume element (a.u.^3)  0.6201E-02     Volume (a.u.^3)     18517.4301
 PW_GRID| Grid span                                                    FULLSPACE
 PW_GRID|   Distribution                         Average         Max         Min
 PW_GRID|   G-Vectors                           373248.0      373392      373104
 PW_GRID|   G-Rays                                2592.0        2593        2591
 PW_GRID|   Real Space Points                   373248.0      373248      373248

 PW_GRID| Information for grid number                                          8
 PW_GRID| Grid distributed over                                     8 processors
 PW_GRID| Real space group dimensions                                     8    1
 PW_GRID| the grid is blocked:                                                NO
 PW_GRID| Cutoff [a.u.]                                                     46.7
 PW_GRID| spherical cutoff:                                                   NO
 PW_GRID|   Bounds   1            -42      41                Points:          84
 PW_GRID|   Bounds   2            -42      41                Points:          84
 PW_GRID|   Bounds   3            -42      41                Points:          84
 PW_GRID| Volume element (a.u.^3)  0.3124E-01     Volume (a.u.^3)     18517.4301
 PW_GRID| Grid span                                                    FULLSPACE
 PW_GRID|   Distribution                         Average         Max         Min
 PW_GRID|   G-Vectors                            74088.0       74256       74004
 PW_GRID|   G-Rays                                 882.0         884         881
 PW_GRID|   Real Space Points                    74088.0       77616       70560

 PW_GRID| Information for grid number                                          9
 PW_GRID| Grid distributed over                                     8 processors
 PW_GRID| Real space group dimensions                                     8    1
 PW_GRID| the grid is blocked:                                                NO
 PW_GRID| Cutoff [a.u.]                                                     15.6
 PW_GRID| spherical cutoff:                                                   NO
 PW_GRID|   Bounds   1            -24      23                Points:          48
 PW_GRID|   Bounds   2            -24      23                Points:          48
 PW_GRID|   Bounds   3            -24      23                Points:          48
 PW_GRID| Volume element (a.u.^3)  0.1674         Volume (a.u.^3)     18517.4301
 PW_GRID| Grid span                                                    FULLSPACE
 PW_GRID|   Distribution                         Average         Max         Min
 PW_GRID|   G-Vectors                            13824.0       13872       13776
 PW_GRID|   G-Rays                                 288.0         289         287
 PW_GRID|   Real Space Points                    13824.0       13824       13824

 PW_GRID| Information for grid number                                         10
 PW_GRID| Grid distributed over                                     8 processors
 PW_GRID| Real space group dimensions                                     8    1
 PW_GRID| the grid is blocked:                                                NO
 PW_GRID| Cutoff [a.u.]                                                      5.2
 PW_GRID| spherical cutoff:                                                   NO
 PW_GRID|   Bounds   1            -13      13                Points:          27
 PW_GRID|   Bounds   2            -13      13                Points:          27
 PW_GRID|   Bounds   3            -13      13                Points:          27
 PW_GRID| Volume element (a.u.^3)  0.9408         Volume (a.u.^3)     18517.4301
 PW_GRID| Grid span                                                    FULLSPACE
 PW_GRID|   Distribution                         Average         Max         Min
 PW_GRID|   G-Vectors                             2460.4        2538        2430
 PW_GRID|   G-Rays                                  91.1          94          90
 PW_GRID|   Real Space Points                     2460.4        2916        2187

 POISSON| Solver                                          Martyna-Tuckerman (MT)
 POISSON| MT| Alpha                                                        7.000
 POISSON| MT| Relative cutoff                                                2.0
 POISSON| Periodicity                                                       NONE

 RS_GRID| Information for grid number                                          7
 RS_GRID|   Bounds   1            -72      71                Points:         144
 RS_GRID|   Bounds   2            -72      71                Points:         144
 RS_GRID|   Bounds   3            -72      71                Points:         144
 RS_GRID| Real space distribution over                                  8 groups
 RS_GRID| Real space distribution along direction                              3
 RS_GRID| Border size                                                         19
 RS_GRID|   Distribution                         Average         Max         Min
 RS_GRID|   Planes                                  56.0          56          56

 RS_GRID| Information for grid number                                          8
 RS_GRID|   Bounds   1            -42      41                Points:          84
 RS_GRID|   Bounds   2            -42      41                Points:          84
 RS_GRID|   Bounds   3            -42      41                Points:          84
 RS_GRID| Real space fully replicated
 RS_GRID| Group size                                                           1

 RS_GRID| Information for grid number                                          9
 RS_GRID|   Bounds   1            -24      23                Points:          48
 RS_GRID|   Bounds   2            -24      23                Points:          48
 RS_GRID|   Bounds   3            -24      23                Points:          48
 RS_GRID| Real space fully replicated
 RS_GRID| Group size                                                           1

 RS_GRID| Information for grid number                                         10
 RS_GRID|   Bounds   1            -13      13                Points:          27
 RS_GRID|   Bounds   2            -13      13                Points:          27
 RS_GRID|   Bounds   3            -13      13                Points:          27
 RS_GRID| Real space fully replicated
 RS_GRID| Group size                                                           1

  HFX_INFO| Replica ID:                                                        1
  HFX_INFO| EPS_SCHWARZ:                                                 1.0E-12
  HFX_INFO| EPS_SCHWARZ_FORCES                                           1.0E-06
  HFX_INFO| EPS_STORAGE_SCALING:                                         1.0E+00
  HFX_INFO| NBINS:                                                            64
  HFX_INFO| BLOCK_SIZE:                                                        1
  HFX_INFO| FRACTION:                                               1.0000000000
  HFX_INFO| Interaction Potential:                                       COULOMB
  HFX_INFO| Number of periodic shells considered:                           NONE
  HFX_INFO| Number of periodic cells considered:                            NONE


 Spin 1

 Number of electrons:                                                          2
 Number of occupied orbitals:                                                  2
 Number of molecular orbitals:                                                 2

 Spin 2

 Number of electrons:                                                          1
 Number of occupied orbitals:                                                  1
 Number of molecular orbitals:                                                 1

 Number of orbital functions:                                                  4
 Number of independent orbital functions:                                      4

 Extrapolation method: initial_guess

 Atomic guess: The first density matrix is obtained in terms of atomic orbitals
               and electronic configurations assigned to each atomic kind

 Guess for atomic kind: He_plus

 Electronic structure
    Total number of core electrons                                          0.00
    Total number of valence electrons                                       1.00
    Total number of electrons                                               1.00
    Multiplicity                                                         doublet
    Alpha Electrons
    S      1.00
    Beta Electrons
    S      0.00


 *******************************************************************************
                  Iteration          Convergence                     Energy [au]
 *******************************************************************************
                          1        0.260218E-02                  -1.926139189219
                          2        0.124669E-03                  -1.926140224398
                          3        0.822401E-08                  -1.926140226780

 Energy components [Hartree]           Total Energy ::           -1.926140226780
                                        Band Energy ::           -1.498807113661
                                     Kinetic Energy ::            1.847112826717
                                   Potential Energy ::           -3.773253053497
                                      Virial (-V/T) ::            2.042784284165
                                        Core Energy ::           -1.982999802863
                                          XC Energy ::           -0.546762707986
                                     Coulomb Energy ::            0.603622284069

 Orbital energies  State     Spin  L     Occupation   Energy[a.u.]    Energy[eV]

                       1    alpha  0          1.000      -1.498807    -40.784616
                       1     beta  0          0.000      -1.038455    -28.257798


 Total Electron Density at R=0:                                         1.529081

 Guess for atomic kind: He

 Electronic structure
    Total number of core electrons                                          0.00
    Total number of valence electrons                                       2.00
    Total number of electrons                                               2.00
    Multiplicity                                                   not specified
    S      2.00


 *******************************************************************************
                  Iteration          Convergence                     Energy [au]
 *******************************************************************************
                          1        0.799667E-01                  -2.809446981266
                          2        0.325417E-01                  -2.810989532351
                          3        0.965129E-05                  -2.811299624243
                          4        0.607509E-05                  -2.811299624259
                          5        0.443279E-05                  -2.811299624264
                          6        0.348953E-05                  -2.811299624266
                          7        0.645562E-09                  -2.811299624270

 Energy components [Hartree]           Total Energy ::           -2.811299624270
                                        Band Energy ::           -1.126661637961
                                     Kinetic Energy ::            2.679498117688
                                   Potential Energy ::           -5.490797741957
                                      Virial (-V/T) ::            2.049188878213
                                        Core Energy ::           -3.829556338666
                                          XC Energy ::           -0.966566377936
                                     Coulomb Energy ::            1.984823092333

 Orbital energies  State     L     Occupation   Energy[a.u.]          Energy[eV]

                       1     0          2.000      -0.563331          -15.329011


 Total Electron Density at R=0:                                         2.204307

 Spin 1
 Re-scaling the density matrix to get the right number of electrons for spin 1
                  # Electrons              Trace(P)               Scaling factor
                            2                 2.000                        1.000

 Spin 2
 Re-scaling the density matrix to get the right number of electrons for spin 2
                  # Electrons              Trace(P)               Scaling factor
                            1                 1.000                        1.000


 SCF WAVEFUNCTION OPTIMIZATION

  Step     Update method      Time    Convergence         Total energy    Change
  ------------------------------------------------------------------------------

  HFX_MEM_INFO| Est. max. program size before HFX [MiB]:                     400
  HFX_MEM_INFO| Number of cart. primitive ERI's calculated:                  961
  HFX_MEM_INFO| Number of sph. ERI's calculated:                              96
  HFX_MEM_INFO| Number of sph. ERI's stored in-core:                          96
  HFX_MEM_INFO| Number of sph. ERI's stored on disk:                           0
  HFX_MEM_INFO| Number of sph. ERI's calculated on the fly:                    0
  HFX_MEM_INFO| Total memory consumption ERI's RAM [MiB]:                      1
  HFX_MEM_INFO| Whereof max-vals [MiB]:                                        1
  HFX_MEM_INFO| Total compression factor ERI's RAM:                         0.01
  HFX_MEM_INFO| Total memory consumption ERI's disk [MiB]:                     0
  HFX_MEM_INFO| Total compression factor ERI's disk:                        0.00
  HFX_MEM_INFO| Size of density/Fock matrix [MiB]:                             0
  HFX_MEM_INFO| Size of buffers [MiB]:                                         0
  HFX_MEM_INFO| Est. max. program size after HFX  [MiB]:                     401

     1 P_Mix/Diag. 0.40E+00    0.7     0.01889168        -4.8201904520 -4.82E+00
     2 P_Mix/Diag. 0.40E+00    0.6     0.01317130        -4.8210728962 -8.82E-04
     3 DIIS/Diag.  0.60E-02    0.6     0.01200223        -4.8216605996 -5.88E-04
     4 DIIS/Diag.  0.63E-03    0.6     0.00026631        -4.8226680565 -1.01E-03
     5 DIIS/Diag.  0.15E-02    0.6     0.00043294        -4.8226673371  7.19E-07
     6 DIIS/Diag.  0.86E-04    0.6     0.00002689        -4.8226682087 -8.72E-07
     7 DIIS/Diag.  0.66E-05    0.6     0.00000187        -4.8226682114 -2.73E-09
     8 DIIS/Diag.  0.49E-08    0.6     6.9417E-09        -4.8226682114 -7.45E-12

  *** SCF run converged in     8 steps ***


  Electronic density on regular grids:         -2.7749344974        0.2250655026
  Core density on regular grids:                4.0000000000       -0.0000000000
  Hard and soft densities (Lebedev):           -3.0000000000       -2.7749344974
  Total Rho_soft + Rho1_hard - Rho1_soft       -3.0000000000
  Total charge density (r-space):               1.0000000000
  Total Rho_soft + Rho0_soft (g-space):         0.9999936878

  Overlap energy of the core charge distribution:               0.00000000000000
  Self energy of the core charge distribution:                -11.28379167095513
  Core Hamiltonian energy:                                      3.36962597864011
  Hartree energy:                                               2.26499272222808
  Exchange-correlation energy:                                  0.00000000000000
  Hartree-Fock Exchange energy:                                -1.63513196288901

  GAPW| Exc from hard and soft atomic rho1:                     0.00000000000000
  GAPW| local Eh = 1 center integrals:                          2.46163672158382

  Total energy:                                                -4.82266821139213

  outer SCF iter =    1 RMS gradient =   0.00E+00 energy =         -4.8226682114
  outer SCF loop converged in   1 iterations or    8 steps


  Integrated absolute spin density  :                               0.9076325170
  Ideal and single determinant S**2 :                    0.750000       0.750000

 !-----------------------------------------------------------------------------!
                     Mulliken Population Analysis

 #  Atom  Element  Kind  Atomic population (alpha,beta) Net charge  Spin moment
       1     He       1         1.000000     0.000000     1.000000     1.000000
       2     He       2         1.000000     1.000000     0.000000     0.000000
 # Total charge and spin        2.000000     1.000000     1.000000     1.000000

 !-----------------------------------------------------------------------------!

 !-----------------------------------------------------------------------------!
                           Hirshfeld Charges

  #Atom  Element  Kind  Ref Charge     Population       Spin moment  Net charge
      1       He     1       2.000    1.000   0.000            1.000      1.000
      2       He     2       2.000    1.000   1.000            0.000      0.000

  Total Charge                                                            1.000
 !-----------------------------------------------------------------------------!

 ENERGY| Total FORCE_EVAL ( QS ) energy (a.u.):               -4.822668211392132


 Spin 1

 Number of electrons:                                                          2
 Number of occupied orbitals:                                                  2
 Number of molecular orbitals:                                                 2

 Spin 2

 Number of electrons:                                                          1
 Number of occupied orbitals:                                                  1
 Number of molecular orbitals:                                                 1

 Number of orbital functions:                                                  4
 Number of independent orbital functions:                                      4

 Extrapolation method: initial_guess

 Atomic guess: The first density matrix is obtained in terms of atomic orbitals
               and electronic configurations assigned to each atomic kind

 Guess for atomic kind: He

 Electronic structure
    Total number of core electrons                                          0.00
    Total number of valence electrons                                       2.00
    Total number of electrons                                               2.00
    Multiplicity                                                   not specified
    S      2.00


 *******************************************************************************
                  Iteration          Convergence                     Energy [au]
 *******************************************************************************
                          1        0.799667E-01                  -2.809446981266
                          2        0.325417E-01                  -2.810989532351
                          3        0.965129E-05                  -2.811299624243
                          4        0.607509E-05                  -2.811299624259
                          5        0.443279E-05                  -2.811299624264
                          6        0.348953E-05                  -2.811299624266
                          7        0.645562E-09                  -2.811299624270

 Energy components [Hartree]           Total Energy ::           -2.811299624270
                                        Band Energy ::           -1.126661637961
                                     Kinetic Energy ::            2.679498117688
                                   Potential Energy ::           -5.490797741957
                                      Virial (-V/T) ::            2.049188878213
                                        Core Energy ::           -3.829556338666
                                          XC Energy ::           -0.966566377936
                                     Coulomb Energy ::            1.984823092333

 Orbital energies  State     L     Occupation   Energy[a.u.]          Energy[eV]

                       1     0          2.000      -0.563331          -15.329011


 Total Electron Density at R=0:                                         2.204307

 Guess for atomic kind: He_plus

 Electronic structure
    Total number of core electrons                                          0.00
    Total number of valence electrons                                       1.00
    Total number of electrons                                               1.00
    Multiplicity                                                         doublet
    Alpha Electrons
    S      1.00
    Beta Electrons
    S      0.00


 *******************************************************************************
                  Iteration          Convergence                     Energy [au]
 *******************************************************************************
                          1        0.260218E-02                  -1.926139189219
                          2        0.124669E-03                  -1.926140224398
                          3        0.822401E-08                  -1.926140226780

 Energy components [Hartree]           Total Energy ::           -1.926140226780
                                        Band Energy ::           -1.498807113661
                                     Kinetic Energy ::            1.847112826717
                                   Potential Energy ::           -3.773253053497
                                      Virial (-V/T) ::            2.042784284165
                                        Core Energy ::           -1.982999802863
                                          XC Energy ::           -0.546762707986
                                     Coulomb Energy ::            0.603622284069

 Orbital energies  State     Spin  L     Occupation   Energy[a.u.]    Energy[eV]

                       1    alpha  0          1.000      -1.498807    -40.784616
                       1     beta  0          0.000      -1.038455    -28.257798


 Total Electron Density at R=0:                                         1.529081

 Spin 1
 Re-scaling the density matrix to get the right number of electrons for spin 1
                  # Electrons              Trace(P)               Scaling factor
                            2                 2.000                        1.000

 Spin 2
 Re-scaling the density matrix to get the right number of electrons for spin 2
                  # Electrons              Trace(P)               Scaling factor
                            1                 1.000                        1.000


 SCF WAVEFUNCTION OPTIMIZATION

  Step     Update method      Time    Convergence         Total energy    Change
  ------------------------------------------------------------------------------

  HFX_MEM_INFO| Est. max. program size before HFX [MiB]:                     564
  HFX_MEM_INFO| Number of cart. primitive ERI's calculated:                  961
  HFX_MEM_INFO| Number of sph. ERI's calculated:                              96
  HFX_MEM_INFO| Number of sph. ERI's stored in-core:                          96
  HFX_MEM_INFO| Number of sph. ERI's stored on disk:                           0
  HFX_MEM_INFO| Number of sph. ERI's calculated on the fly:                    0
  HFX_MEM_INFO| Total memory consumption ERI's RAM [MiB]:                      1
  HFX_MEM_INFO| Whereof max-vals [MiB]:                                        1
  HFX_MEM_INFO| Total compression factor ERI's RAM:                         0.01
  HFX_MEM_INFO| Total memory consumption ERI's disk [MiB]:                     0
  HFX_MEM_INFO| Total compression factor ERI's disk:                        0.00
  HFX_MEM_INFO| Size of density/Fock matrix [MiB]:                             0
  HFX_MEM_INFO| Size of buffers [MiB]:                                         0
  HFX_MEM_INFO| Est. max. program size after HFX  [MiB]:                     565

     1 P_Mix/Diag. 0.40E+00    0.6     0.01889168        -4.8201904520 -4.82E+00
     2 P_Mix/Diag. 0.40E+00    0.6     0.01317130        -4.8210728962 -8.82E-04
     3 DIIS/Diag.  0.60E-02    0.6     0.01200223        -4.8216605996 -5.88E-04
     4 DIIS/Diag.  0.63E-03    0.6     0.00026631        -4.8226680565 -1.01E-03
     5 DIIS/Diag.  0.15E-02    0.6     0.00043294        -4.8226673371  7.19E-07
     6 DIIS/Diag.  0.86E-04    0.6     0.00002689        -4.8226682087 -8.72E-07
     7 DIIS/Diag.  0.66E-05    0.6     0.00000187        -4.8226682114 -2.73E-09
     8 DIIS/Diag.  0.49E-08    0.6     6.9417E-09        -4.8226682114 -7.46E-12

  *** SCF run converged in     8 steps ***


  Electronic density on regular grids:         -2.7749344974        0.2250655026
  Core density on regular grids:                4.0000000000       -0.0000000000
  Hard and soft densities (Lebedev):           -3.0000000000       -2.7749344974
  Total Rho_soft + Rho1_hard - Rho1_soft       -3.0000000000
  Total charge density (r-space):               1.0000000000
  Total Rho_soft + Rho0_soft (g-space):         0.9999936878

  Overlap energy of the core charge distribution:               0.00000000000000
  Self energy of the core charge distribution:                -11.28379167095513
  Core Hamiltonian energy:                                      3.36962597864010
  Hartree energy:                                               2.26499272222807
  Exchange-correlation energy:                                  0.00000000000000
  Hartree-Fock Exchange energy:                                -1.63513196288901

  GAPW| Exc from hard and soft atomic rho1:                     0.00000000000000
  GAPW| local Eh = 1 center integrals:                          2.46163672158382

  Total energy:                                                -4.82266821139214

  outer SCF iter =    1 RMS gradient =   0.00E+00 energy =         -4.8226682114
  outer SCF loop converged in   1 iterations or    8 steps


  Integrated absolute spin density  :                               0.9076325170
  Ideal and single determinant S**2 :                    0.750000       0.750000

 !-----------------------------------------------------------------------------!
                     Mulliken Population Analysis

 #  Atom  Element  Kind  Atomic population (alpha,beta) Net charge  Spin moment
       1     He       1         1.000000     1.000000     0.000000     0.000000
       2     He       2         1.000000     0.000000     1.000000     1.000000
 # Total charge and spin        2.000000     1.000000     1.000000     1.000000

 !-----------------------------------------------------------------------------!

 !-----------------------------------------------------------------------------!
                           Hirshfeld Charges

  #Atom  Element  Kind  Ref Charge     Population       Spin moment  Net charge
      1       He     1       2.000    1.000   1.000            0.000      0.000
      2       He     2       2.000    1.000   0.000            1.000      1.000

  Total Charge                                                            1.000
 !-----------------------------------------------------------------------------!

 ENERGY| Total FORCE_EVAL ( QS ) energy (a.u.):               -4.822668211392145


 -------------------------------------------------------------------------------
 ----                             MULTIGRID INFO                            ----
 -------------------------------------------------------------------------------
 count for grid        1:           6418          cutoff [a.u.]          140.00
 count for grid        2:           1544          cutoff [a.u.]           46.67
 count for grid        3:            644          cutoff [a.u.]           15.56
 count for grid        4:            128          cutoff [a.u.]            5.19
 total gridlevel count  :           8734

 -------------------------------------------------------------------------------
 ----                             MULTIGRID INFO                            ----
 -------------------------------------------------------------------------------
 count for grid        1:           6418          cutoff [a.u.]          140.00
 count for grid        2:           1544          cutoff [a.u.]           46.67
 count for grid        3:            644          cutoff [a.u.]           15.56
 count for grid        4:            128          cutoff [a.u.]            5.19
 total gridlevel count  :           8734
