

 OVERLAP MATRIX

                                1            2            3            4
     1    1  O     1s        1.000000     0.233690     0.000000     0.000000
     2    1  O     1s        0.233690     1.000000     0.000000     0.000000
     3    1  O     2py       0.000000     0.000000     1.000000     0.000000
     4    1  O     2pz       0.000000     0.000000     0.000000     1.000000
     5    1  O     2px       0.000000     0.000000    -0.000000     0.000000
     6    1  O     1s        0.167280     0.763641    -0.000000     0.000000
     7    1  O     2py       0.000000     0.000000     0.501521     0.000000
     8    1  O     2pz       0.000000     0.000000     0.000000     0.501521
     9    1  O     2px       0.000000     0.000000    -0.000000     0.000000

    10    2  H     1s        0.036482     0.256059     0.000000     0.008132
    11    2  H     1s        0.069756     0.384007     0.000000     0.004087

    12    3  H     1s        0.037238     0.259662    -0.000000     0.283525
    13    3  H     1s        0.070133     0.385816    -0.000000     0.140950

    14    4  O     1s        0.000000     0.000000     0.000000    -0.000000
    15    4  O     1s        0.000000     0.000000     0.000000    -0.000000
    16    4  O     2py      -0.000000    -0.000000     0.000000     0.000000
    17    4  O     2pz       0.000000     0.000000     0.000000     0.000000
    18    4  O     2px      -0.000000    -0.000001    -0.000000     0.000000
    19    4  O     1s        0.000047     0.001033     0.000000    -0.000063
    20    4  O     2py      -0.000000    -0.000000     0.000579     0.000000
    21    4  O     2pz       0.000010     0.000175     0.000000     0.000568
    22    4  O     2px      -0.000265    -0.004715    -0.000000     0.000289

    23    5  H     1s        0.000000     0.000000     0.000000    -0.000000
    24    5  H     1s        0.000220     0.002508     0.000709    -0.000589

    25    6  H     1s        0.000000     0.000000    -0.000000    -0.000000
    26    6  H     1s        0.000220     0.002508    -0.000709    -0.000589

                                5            6            7            8
     1    1  O     1s        0.000000     0.167280     0.000000     0.000000
     2    1  O     1s        0.000000     0.763641     0.000000     0.000000
     3    1  O     2py      -0.000000    -0.000000     0.501521     0.000000
     4    1  O     2pz       0.000000     0.000000     0.000000     0.501521
     5    1  O     2px       1.000000    -0.000000    -0.000000     0.000000
     6    1  O     1s       -0.000000     1.000000     0.000000     0.000000
     7    1  O     2py      -0.000000     0.000000     1.000000     0.000000
     8    1  O     2pz       0.000000     0.000000     0.000000     1.000000
     9    1  O     2px       0.501521     0.000000    -0.000000     0.000000

    10    2  H     1s        0.293674     0.433379     0.000000     0.016211
    11    2  H     1s        0.147585     0.688724     0.000000     0.013265

    12    3  H     1s       -0.087849     0.436284    -0.000000     0.560160
    13    3  H     1s       -0.043673     0.691097    -0.000000     0.456874

    14    4  O     1s        0.000000     0.000047     0.000000    -0.000010
    15    4  O     1s        0.000001     0.001033     0.000000    -0.000175
    16    4  O     2py      -0.000000    -0.000000     0.000579     0.000000
    17    4  O     2pz       0.000000     0.000063     0.000000     0.000568
    18    4  O     2px      -0.000002    -0.001682    -0.000000     0.000289
    19    4  O     1s        0.001682     0.014667     0.000000    -0.001583
    20    4  O     2py      -0.000000    -0.000000     0.014667     0.000000
    21    4  O     2pz       0.000289     0.001583     0.000000     0.014497
    22    4  O     2px      -0.007194    -0.042593    -0.000000     0.004597

    23    5  H     1s        0.000000     0.000391     0.000410    -0.000341
    24    5  H     1s        0.002985     0.017457     0.009693    -0.008054

    25    6  H     1s        0.000000     0.000391    -0.000410    -0.000341
    26    6  H     1s        0.002985     0.017457    -0.009693    -0.008054

                                9           10           11           12
     1    1  O     1s        0.000000     0.036482     0.069756     0.037238
     2    1  O     1s        0.000000     0.256059     0.384007     0.259662
     3    1  O     2py      -0.000000     0.000000     0.000000    -0.000000
     4    1  O     2pz       0.000000     0.008132     0.004087     0.283525
     5    1  O     2px       0.501521     0.293674     0.147585    -0.087849
     6    1  O     1s        0.000000     0.433379     0.688724     0.436284
     7    1  O     2py      -0.000000     0.000000     0.000000    -0.000000
     8    1  O     2pz       0.000000     0.016211     0.013265     0.560160
     9    1  O     2px       1.000000     0.585392     0.479030    -0.173563

    10    2  H     1s        0.585392     1.000000     0.658292     0.053530
    11    2  H     1s        0.479030     0.658292     1.000000     0.227413

    12    3  H     1s       -0.173563     0.053530     0.227413     1.000000
    13    3  H     1s       -0.141560     0.227413     0.520592     0.658292

    14    4  O     1s        0.000265     0.000045     0.011691     0.000000
    15    4  O     1s        0.004715     0.002970     0.080828     0.000000
    16    4  O     2py      -0.000000     0.000000     0.000000    -0.000000
    17    4  O     2pz       0.000289     0.000397     0.004332     0.000000
    18    4  O     2px      -0.007194    -0.005860    -0.063967    -0.000000
    19    4  O     1s        0.042593     0.048166     0.220258     0.000297
    20    4  O     2py      -0.000000     0.000000     0.000000    -0.000000
    21    4  O     2pz       0.004597     0.009219     0.022020     0.000416
    22    4  O     2px      -0.109017    -0.136141    -0.325163    -0.001333

    23    5  H     1s        0.001725     0.000705     0.039886     0.000000
    24    5  H     1s        0.040791     0.039886     0.177981     0.000643

    25    6  H     1s        0.001725     0.000705     0.039886     0.000000
    26    6  H     1s        0.040791     0.039886     0.177981     0.000643

                               13           14           15           16
     1    1  O     1s        0.070133     0.000000     0.000000    -0.000000
     2    1  O     1s        0.385816     0.000000     0.000000    -0.000000
     3    1  O     2py      -0.000000     0.000000     0.000000     0.000000
     4    1  O     2pz       0.140950    -0.000000    -0.000000     0.000000
     5    1  O     2px      -0.043673     0.000000     0.000001    -0.000000
     6    1  O     1s        0.691097     0.000047     0.001033    -0.000000
     7    1  O     2py      -0.000000     0.000000     0.000000     0.000579
     8    1  O     2pz       0.456874    -0.000010    -0.000175     0.000000
     9    1  O     2px      -0.141560     0.000265     0.004715    -0.000000

    10    2  H     1s        0.227413     0.000045     0.002970     0.000000
    11    2  H     1s        0.520592     0.011691     0.080828     0.000000

    12    3  H     1s        0.658292     0.000000     0.000000    -0.000000
    13    3  H     1s        1.000000     0.000176     0.002055    -0.000000

    14    4  O     1s        0.000176     1.000000     0.233690     0.000000
    15    4  O     1s        0.002055     0.233690     1.000000     0.000000
    16    4  O     2py      -0.000000     0.000000     0.000000     1.000000
    17    4  O     2pz       0.000775     0.000000     0.000000    -0.000000
    18    4  O     2px      -0.002482     0.000000     0.000000     0.000000
    19    4  O     1s        0.015096     0.167280     0.763641    -0.000000
    20    4  O     2py      -0.000000     0.000000     0.000000     0.501521
    21    4  O     2pz       0.011198     0.000000     0.000000    -0.000000
    22    4  O     2px      -0.035877     0.000000     0.000000     0.000000

    23    5  H     1s        0.000643     0.037029     0.258667     0.237112
    24    5  H     1s        0.013757     0.070029     0.385318     0.118228

    25    6  H     1s        0.000643     0.037029     0.258667    -0.237112
    26    6  H     1s        0.013757     0.070029     0.385318    -0.118228

                               17           18           19           20
     1    1  O     1s        0.000000    -0.000000     0.000047    -0.000000
     2    1  O     1s        0.000000    -0.000001     0.001033    -0.000000
     3    1  O     2py       0.000000    -0.000000     0.000000     0.000579
     4    1  O     2pz       0.000000     0.000000    -0.000063     0.000000
     5    1  O     2px       0.000000    -0.000002     0.001682    -0.000000
     6    1  O     1s        0.000063    -0.001682     0.014667    -0.000000
     7    1  O     2py       0.000000    -0.000000     0.000000     0.014667
     8    1  O     2pz       0.000568     0.000289    -0.001583     0.000000
     9    1  O     2px       0.000289    -0.007194     0.042593    -0.000000

    10    2  H     1s        0.000397    -0.005860     0.048166     0.000000
    11    2  H     1s        0.004332    -0.063967     0.220258     0.000000

    12    3  H     1s        0.000000    -0.000000     0.000297    -0.000000
    13    3  H     1s        0.000775    -0.002482     0.015096    -0.000000

    14    4  O     1s        0.000000     0.000000     0.167280     0.000000
    15    4  O     1s        0.000000     0.000000     0.763641     0.000000
    16    4  O     2py      -0.000000     0.000000    -0.000000     0.501521
    17    4  O     2pz       1.000000     0.000000    -0.000000    -0.000000
    18    4  O     2px       0.000000     1.000000     0.000000     0.000000
    19    4  O     1s       -0.000000     0.000000     1.000000     0.000000
    20    4  O     2py      -0.000000     0.000000     0.000000     1.000000
    21    4  O     2pz       0.501521     0.000000     0.000000    -0.000000
    22    4  O     2px       0.000000     0.501521     0.000000     0.000000

    23    5  H     1s       -0.162567     0.070413     0.435484     0.469608
    24    5  H     1s       -0.081059     0.035109     0.690445     0.383366

    25    6  H     1s       -0.162567     0.070413     0.435484    -0.469608
    26    6  H     1s       -0.081059     0.035109     0.690445    -0.383366

                               21           22           23           24
     1    1  O     1s        0.000010    -0.000265     0.000000     0.000220
     2    1  O     1s        0.000175    -0.004715     0.000000     0.002508
     3    1  O     2py       0.000000    -0.000000     0.000000     0.000709
     4    1  O     2pz       0.000568     0.000289    -0.000000    -0.000589
     5    1  O     2px       0.000289    -0.007194     0.000000     0.002985
     6    1  O     1s        0.001583    -0.042593     0.000391     0.017457
     7    1  O     2py       0.000000    -0.000000     0.000410     0.009693
     8    1  O     2pz       0.014497     0.004597    -0.000341    -0.008054
     9    1  O     2px       0.004597    -0.109017     0.001725     0.040791

    10    2  H     1s        0.009219    -0.136141     0.000705     0.039886
    11    2  H     1s        0.022020    -0.325163     0.039886     0.177981

    12    3  H     1s        0.000416    -0.001333     0.000000     0.000643
    13    3  H     1s        0.011198    -0.035877     0.000643     0.013757

    14    4  O     1s        0.000000     0.000000     0.037029     0.070029
    15    4  O     1s        0.000000     0.000000     0.258667     0.385318
    16    4  O     2py      -0.000000     0.000000     0.237112     0.118228
    17    4  O     2pz       0.501521     0.000000    -0.162567    -0.081059
    18    4  O     2px       0.000000     0.501521     0.070413     0.035109
    19    4  O     1s        0.000000     0.000000     0.435484     0.690445
    20    4  O     2py      -0.000000     0.000000     0.469608     0.383366
    21    4  O     2pz       1.000000     0.000000    -0.321969    -0.262840
    22    4  O     2px       0.000000     1.000000     0.139455     0.113844

    23    5  H     1s       -0.321969     0.139455     1.000000     0.658292
    24    5  H     1s       -0.262840     0.113844     0.658292     1.000000

    25    6  H     1s       -0.321969     0.139455     0.052288     0.225332
    26    6  H     1s       -0.262840     0.113844     0.225332     0.517657

                               25           26
     1    1  O     1s        0.000000     0.000220
     2    1  O     1s        0.000000     0.002508
     3    1  O     2py      -0.000000    -0.000709
     4    1  O     2pz      -0.000000    -0.000589
     5    1  O     2px       0.000000     0.002985
     6    1  O     1s        0.000391     0.017457
     7    1  O     2py      -0.000410    -0.009693
     8    1  O     2pz      -0.000341    -0.008054
     9    1  O     2px       0.001725     0.040791

    10    2  H     1s        0.000705     0.039886
    11    2  H     1s        0.039886     0.177981

    12    3  H     1s        0.000000     0.000643
    13    3  H     1s        0.000643     0.013757

    14    4  O     1s        0.037029     0.070029
    15    4  O     1s        0.258667     0.385318
    16    4  O     2py      -0.237112    -0.118228
    17    4  O     2pz      -0.162567    -0.081059
    18    4  O     2px       0.070413     0.035109
    19    4  O     1s        0.435484     0.690445
    20    4  O     2py      -0.469608    -0.383366
    21    4  O     2pz      -0.321969    -0.262840
    22    4  O     2px       0.139455     0.113844

    23    5  H     1s        0.052288     0.225332
    24    5  H     1s        0.225332     0.517657

    25    6  H     1s        1.000000     0.658292
    26    6  H     1s        0.658292     1.000000


