

 OVERLAP MATRIX

                                1            2            3            4
     1    1  H     1s        1.000000     0.658292     0.000000     0.000000
     2    1  H     1s        0.658292     1.000000     0.000000     0.000000
     3    1  H     1py       0.000000     0.000000     1.000000     0.000000
     4    1  H     1pz       0.000000     0.000000     0.000000     1.000000
     5    1  H     1px       0.000000     0.000000     0.000000     0.000000

     6    2  H     1s        0.454539     0.508762     0.000000    -0.469947
     7    2  H     1s        0.508762     0.853805     0.000000    -0.155577
     8    2  H     1py      -0.000000    -0.000000     0.340275     0.000000
     9    2  H     1pz       0.469947     0.155577     0.000000    -0.393358
    10    2  H     1px       0.000000     0.000000     0.000000     0.000000

    11    3  H     1s        0.001709     0.057154    -0.000000     0.000237
    12    3  H     1s        0.057154     0.222260    -0.000000     0.008031
    13    3  H     1py       0.000000     0.000000     0.000035     0.000000
    14    3  H     1pz      -0.000237    -0.008031     0.000000     0.000013
    15    3  H     1px      -0.001335    -0.045173     0.000000    -0.000124

    16    4  H     1s        0.000461     0.033570     0.000000    -0.000130
    17    4  H     1s        0.033570     0.159992     0.000000    -0.012910
    18    4  H     1py      -0.000000    -0.000000     0.000004     0.000000
    19    4  H     1pz       0.000130     0.012910     0.000000    -0.000015
    20    4  H     1px      -0.000257    -0.025460    -0.000000     0.000038

                                5            6            7            8
     1    1  H     1s        0.000000     0.454539     0.508762    -0.000000
     2    1  H     1s        0.000000     0.508762     0.853805    -0.000000
     3    1  H     1py       0.000000     0.000000     0.000000     0.340275
     4    1  H     1pz       0.000000    -0.469947    -0.155577     0.000000
     5    1  H     1px       1.000000     0.000000     0.000000     0.000000

     6    2  H     1s        0.000000     1.000000     0.658292     0.000000
     7    2  H     1s        0.000000     0.658292     1.000000     0.000000
     8    2  H     1py       0.000000     0.000000     0.000000     1.000000
     9    2  H     1pz       0.000000     0.000000     0.000000     0.000000
    10    2  H     1px       0.340275     0.000000     0.000000     0.000000

    11    3  H     1s        0.001335     0.000461     0.033570     0.000000
    12    3  H     1s        0.045173     0.033570     0.159992     0.000000
    13    3  H     1py       0.000000    -0.000000    -0.000000     0.000004
    14    3  H     1pz      -0.000124    -0.000130    -0.012910    -0.000000
    15    3  H     1px      -0.000663    -0.000257    -0.025460    -0.000000

    16    4  H     1s        0.000257     0.001709     0.057154    -0.000000
    17    4  H     1s        0.025460     0.057154     0.222260    -0.000000
    18    4  H     1py      -0.000000     0.000000     0.000000     0.000035
    19    4  H     1pz       0.000038     0.000237     0.008031    -0.000000
    20    4  H     1px      -0.000070    -0.001335    -0.045173     0.000000

                                9           10           11           12
     1    1  H     1s        0.469947     0.000000     0.001709     0.057154
     2    1  H     1s        0.155577     0.000000     0.057154     0.222260
     3    1  H     1py       0.000000     0.000000    -0.000000    -0.000000
     4    1  H     1pz      -0.393358     0.000000     0.000237     0.008031
     5    1  H     1px       0.000000     0.340275     0.001335     0.045173

     6    2  H     1s        0.000000     0.000000     0.000461     0.033570
     7    2  H     1s        0.000000     0.000000     0.033570     0.159992
     8    2  H     1py       0.000000     0.000000     0.000000     0.000000
     9    2  H     1pz       1.000000     0.000000     0.000130     0.012910
    10    2  H     1px       0.000000     1.000000     0.000257     0.025460

    11    3  H     1s        0.000130     0.000257     1.000000     0.658292
    12    3  H     1s        0.012910     0.025460     0.658292     1.000000
    13    3  H     1py      -0.000000    -0.000000     0.000000     0.000000
    14    3  H     1pz      -0.000015    -0.000038     0.000000     0.000000
    15    3  H     1px      -0.000038    -0.000070     0.000000     0.000000

    16    4  H     1s       -0.000237     0.001335     0.047091     0.216271
    17    4  H     1s       -0.008031     0.045173     0.216271     0.504749
    18    4  H     1py      -0.000000     0.000000    -0.000000    -0.000000
    19    4  H     1pz       0.000013     0.000124     0.057118     0.129357
    20    4  H     1px       0.000124    -0.000663     0.000000     0.000000

                               13           14           15           16
     1    1  H     1s        0.000000    -0.000237    -0.001335     0.000461
     2    1  H     1s        0.000000    -0.008031    -0.045173     0.033570
     3    1  H     1py       0.000035     0.000000     0.000000     0.000000
     4    1  H     1pz       0.000000     0.000013    -0.000124    -0.000130
     5    1  H     1px       0.000000    -0.000124    -0.000663     0.000257

     6    2  H     1s       -0.000000    -0.000130    -0.000257     0.001709
     7    2  H     1s       -0.000000    -0.012910    -0.025460     0.057154
     8    2  H     1py       0.000004    -0.000000    -0.000000    -0.000000
     9    2  H     1pz      -0.000000    -0.000015    -0.000038    -0.000237
    10    2  H     1px      -0.000000    -0.000038    -0.000070     0.001335

    11    3  H     1s        0.000000     0.000000     0.000000     0.047091
    12    3  H     1s        0.000000     0.000000     0.000000     0.216271
    13    3  H     1py       1.000000     0.000000     0.000000     0.000000
    14    3  H     1pz       0.000000     1.000000     0.000000    -0.057118
    15    3  H     1px       0.000000     0.000000     1.000000     0.000000

    16    4  H     1s        0.000000    -0.057118     0.000000     1.000000
    17    4  H     1s        0.000000    -0.129357     0.000000     0.658292
    18    4  H     1py       0.009437     0.000000     0.000000     0.000000
    19    4  H     1pz       0.000000    -0.078572     0.000000     0.000000
    20    4  H     1px       0.000000     0.000000     0.009437     0.000000

                               17           18           19           20
     1    1  H     1s        0.033570    -0.000000     0.000130    -0.000257
     2    1  H     1s        0.159992    -0.000000     0.012910    -0.025460
     3    1  H     1py       0.000000     0.000004     0.000000    -0.000000
     4    1  H     1pz      -0.012910     0.000000    -0.000015     0.000038
     5    1  H     1px       0.025460    -0.000000     0.000038    -0.000070

     6    2  H     1s        0.057154     0.000000     0.000237    -0.001335
     7    2  H     1s        0.222260     0.000000     0.008031    -0.045173
     8    2  H     1py      -0.000000     0.000035    -0.000000     0.000000
     9    2  H     1pz      -0.008031    -0.000000     0.000013     0.000124
    10    2  H     1px       0.045173     0.000000     0.000124    -0.000663

    11    3  H     1s        0.216271    -0.000000     0.057118     0.000000
    12    3  H     1s        0.504749    -0.000000     0.129357     0.000000
    13    3  H     1py       0.000000     0.009437     0.000000     0.000000
    14    3  H     1pz      -0.129357     0.000000    -0.078572     0.000000
    15    3  H     1px       0.000000     0.000000     0.000000     0.009437

    16    4  H     1s        0.658292     0.000000     0.000000     0.000000
    17    4  H     1s        1.000000     0.000000     0.000000     0.000000
    18    4  H     1py       0.000000     1.000000    -0.000000     0.000000
    19    4  H     1pz       0.000000    -0.000000     1.000000     0.000000
    20    4  H     1px       0.000000     0.000000     0.000000     1.000000


