

 OVERLAP MATRIX

                                1            2            3            4
     1    1  O     1s        1.000000     0.233690     0.000000     0.000000
     2    1  O     2s        0.233690     1.000000     0.000000     0.000000
     3    1  O     3py       0.000000     0.000000     1.000000     0.000000
     4    1  O     3pz       0.000000     0.000000     0.000000     1.000000
     5    1  O     3px       0.000000     0.000000    -0.000000     0.000000
     6    1  O     3s        0.167280     0.763641    -0.000000     0.000000
     7    1  O     4py       0.000000     0.000000     0.501521     0.000000
     8    1  O     4pz       0.000000     0.000000     0.000000     0.501521
     9    1  O     4px       0.000000     0.000000    -0.000000     0.000000
    10    1  O     3d-2      0.000000     0.000000     0.000000     0.000000
    11    1  O     3d-1      0.000000     0.000000     0.000000     0.000000
    12    1  O     3d0       0.000000     0.000000    -0.000000     0.000000
    13    1  O     3d+1      0.000000     0.000000     0.000000     0.000000
    14    1  O     3d+2      0.000000     0.000000    -0.000000     0.000000

    15    2  H     1s        0.036482     0.256059     0.000000     0.008132
    16    2  H     1s        0.069756     0.384007     0.000000     0.004087
    17    2  H     1py      -0.000000    -0.000000     0.149253    -0.000000
    18    2  H     1pz      -0.001694    -0.009621    -0.000000     0.148842
    19    2  H     1px      -0.061182    -0.347446    -0.000000    -0.014850

    20    3  H     1s        0.037238     0.259662    -0.000000     0.283525
    21    3  H     1s        0.070133     0.385816    -0.000000     0.140950
    22    3  H     1py       0.000000     0.000000     0.152133     0.000000
    23    3  H     1pz      -0.060109    -0.335911     0.000000    -0.341980
    24    3  H     1px       0.018624     0.104080    -0.000000     0.153098

    25    4  O     1s        0.000000     0.000000     0.000000    -0.000000
    26    4  O     2s        0.000000     0.000000     0.000000    -0.000000
    27    4  O     3py      -0.000000    -0.000000     0.000000     0.000000
    28    4  O     3pz       0.000000     0.000000     0.000000     0.000000
    29    4  O     3px      -0.000000    -0.000001    -0.000000     0.000000
    30    4  O     3s        0.000047     0.001033     0.000000    -0.000063
    31    4  O     4py      -0.000000    -0.000000     0.000579     0.000000
    32    4  O     4pz       0.000010     0.000175     0.000000     0.000568
    33    4  O     4px      -0.000265    -0.004715    -0.000000     0.000289
    34    4  O     3d-2      0.000000     0.000000    -0.000003    -0.000000
    35    4  O     3d-1     -0.000000    -0.000000     0.000000    -0.000000
    36    4  O     3d0      -0.000000    -0.000008    -0.000000     0.000001
    37    4  O     3d+1     -0.000000    -0.000001    -0.000000    -0.000003
    38    4  O     3d+2      0.000000     0.000015     0.000000    -0.000002

    39    5  H     1s        0.000000     0.000000     0.000000    -0.000000
    40    5  H     1s        0.000220     0.002508     0.000709    -0.000589
    41    5  H     1py      -0.000000    -0.000000    -0.000000     0.000000
    42    5  H     1pz       0.000000     0.000000     0.000000    -0.000000
    43    5  H     1px      -0.000000    -0.000000    -0.000000     0.000000

    44    6  H     1s        0.000000     0.000000    -0.000000    -0.000000
    45    6  H     1s        0.000220     0.002508    -0.000709    -0.000589
    46    6  H     1py       0.000000     0.000000    -0.000000    -0.000000
    47    6  H     1pz       0.000000     0.000000    -0.000000    -0.000000
    48    6  H     1px      -0.000000    -0.000000     0.000000     0.000000

                                5            6            7            8
     1    1  O     1s        0.000000     0.167280     0.000000     0.000000
     2    1  O     2s        0.000000     0.763641     0.000000     0.000000
     3    1  O     3py      -0.000000    -0.000000     0.501521     0.000000
     4    1  O     3pz       0.000000     0.000000     0.000000     0.501521
     5    1  O     3px       1.000000    -0.000000    -0.000000     0.000000
     6    1  O     3s       -0.000000     1.000000     0.000000     0.000000
     7    1  O     4py      -0.000000     0.000000     1.000000     0.000000
     8    1  O     4pz       0.000000     0.000000     0.000000     1.000000
     9    1  O     4px       0.501521     0.000000    -0.000000     0.000000
    10    1  O     3d-2      0.000000     0.000000     0.000000     0.000000
    11    1  O     3d-1      0.000000     0.000000     0.000000     0.000000
    12    1  O     3d0      -0.000000    -0.000000    -0.000000     0.000000
    13    1  O     3d+1      0.000000     0.000000     0.000000     0.000000
    14    1  O     3d+2      0.000000     0.000000    -0.000000     0.000000

    15    2  H     1s        0.293674     0.433379     0.000000     0.016211
    16    2  H     1s        0.147585     0.688724     0.000000     0.013265
    17    2  H     1py      -0.000000    -0.000000     0.281782    -0.000000
    18    2  H     1pz      -0.014850    -0.007257    -0.000000     0.281481
    19    2  H     1px      -0.387024    -0.262052    -0.000000    -0.010837

    20    3  H     1s       -0.087849     0.436284    -0.000000     0.560160
    21    3  H     1s       -0.043673     0.691097    -0.000000     0.456874
    22    3  H     1py      -0.000000     0.000000     0.283870     0.000000
    23    3  H     1pz       0.153098    -0.250920     0.000000    -0.072296
    24    3  H     1px       0.104696     0.077746    -0.000000     0.110356

    25    4  O     1s        0.000000     0.000047     0.000000    -0.000010
    26    4  O     2s        0.000001     0.001033     0.000000    -0.000175
    27    4  O     3py      -0.000000    -0.000000     0.000579     0.000000
    28    4  O     3pz       0.000000     0.000063     0.000000     0.000568
    29    4  O     3px      -0.000002    -0.001682    -0.000000     0.000289
    30    4  O     3s        0.001682     0.014667     0.000000    -0.001583
    31    4  O     4py      -0.000000    -0.000000     0.014667     0.000000
    32    4  O     4pz       0.000289     0.001583     0.000000     0.014497
    33    4  O     4px      -0.007194    -0.042593    -0.000000     0.004597
    34    4  O     3d-2      0.000000     0.000000    -0.003215    -0.000000
    35    4  O     3d-1     -0.000000    -0.000000     0.000119    -0.000000
    36    4  O     3d0      -0.000025    -0.002687    -0.000000     0.000572
    37    4  O     3d+1     -0.000003    -0.000347    -0.000000    -0.003159
    38    4  O     3d+2      0.000044     0.004668     0.000000    -0.000753

    39    5  H     1s        0.000000     0.000391     0.000410    -0.000341
    40    5  H     1s        0.002985     0.017457     0.009693    -0.008054
    41    5  H     1py      -0.000000    -0.000078     0.000012     0.000078
    42    5  H     1pz       0.000000     0.000065     0.000078     0.000041
    43    5  H     1px      -0.000000    -0.000329    -0.000393     0.000326

    44    6  H     1s        0.000000     0.000391    -0.000410    -0.000341
    45    6  H     1s        0.002985     0.017457    -0.009693    -0.008054
    46    6  H     1py       0.000000     0.000078     0.000012    -0.000078
    47    6  H     1pz       0.000000     0.000065    -0.000078     0.000041
    48    6  H     1px      -0.000000    -0.000329     0.000393     0.000326

                                9           10           11           12
     1    1  O     1s        0.000000     0.000000     0.000000     0.000000
     2    1  O     2s        0.000000     0.000000     0.000000     0.000000
     3    1  O     3py      -0.000000     0.000000     0.000000    -0.000000
     4    1  O     3pz       0.000000     0.000000     0.000000     0.000000
     5    1  O     3px       0.501521     0.000000     0.000000    -0.000000
     6    1  O     3s        0.000000     0.000000     0.000000    -0.000000
     7    1  O     4py      -0.000000     0.000000     0.000000    -0.000000
     8    1  O     4pz       0.000000     0.000000     0.000000     0.000000
     9    1  O     4px       1.000000     0.000000     0.000000    -0.000000
    10    1  O     3d-2      0.000000     1.000000     0.000000     0.000000
    11    1  O     3d-1      0.000000     0.000000     1.000000     0.000000
    12    1  O     3d0      -0.000000     0.000000     0.000000     1.000000
    13    1  O     3d+1      0.000000     0.000000    -0.000000     0.000000
    14    1  O     3d+2      0.000000     0.000000     0.000000    -0.000000

    15    2  H     1s        0.585392     0.000000     0.000000    -0.195581
    16    2  H     1s        0.479030     0.000000     0.000000    -0.034941
    17    2  H     1py      -0.000000     0.406910     0.011268     0.000000
    18    2  H     1pz      -0.010837    -0.000000     0.000000     0.022648
    19    2  H     1px      -0.109568    -0.000000    -0.000000     0.113070

    20    3  H     1s       -0.173563     0.000000    -0.000000     0.341774
    21    3  H     1s       -0.141560     0.000000    -0.000000     0.060469
    22    3  H     1py      -0.000000    -0.121741     0.392908     0.000000
    23    3  H     1pz       0.110356    -0.000000     0.000000    -0.125183
    24    3  H     1px       0.249677    -0.000000    -0.000000     0.249648

    25    4  O     1s        0.000265     0.000000    -0.000000    -0.000000
    26    4  O     2s        0.004715     0.000000    -0.000000    -0.000008
    27    4  O     3py      -0.000000     0.000003    -0.000000     0.000000
    28    4  O     3pz       0.000289     0.000000     0.000000    -0.000001
    29    4  O     3px      -0.007194    -0.000000     0.000000     0.000025
    30    4  O     3s        0.042593     0.000000    -0.000000    -0.002687
    31    4  O     4py      -0.000000     0.003215    -0.000119     0.000000
    32    4  O     4pz       0.004597     0.000000     0.000000    -0.000572
    33    4  O     4px      -0.109017    -0.000000     0.000000     0.009814
    34    4  O     3d-2      0.000000    -0.000089     0.000003    -0.000000
    35    4  O     3d-1     -0.000000     0.000003     0.000004     0.000000
    36    4  O     3d0      -0.009814    -0.000000     0.000000     0.000164
    37    4  O     3d+1     -0.001387    -0.000000    -0.000000     0.000027
    38    4  O     3d+2      0.017054     0.000000    -0.000000    -0.000278

    39    5  H     1s        0.001725     0.000003    -0.000001    -0.000004
    40    5  H     1s        0.040791     0.002457    -0.000485    -0.002920
    41    5  H     1py      -0.000393    -0.000000     0.000000     0.000000
    42    5  H     1pz       0.000326     0.000000    -0.000000    -0.000000
    43    5  H     1px      -0.001547    -0.000001     0.000000     0.000001

    44    6  H     1s        0.001725    -0.000003     0.000001    -0.000004
    45    6  H     1s        0.040791    -0.002457     0.000485    -0.002920
    46    6  H     1py       0.000393    -0.000000     0.000000    -0.000000
    47    6  H     1pz       0.000326    -0.000000     0.000000    -0.000000
    48    6  H     1px      -0.001547     0.000001    -0.000000     0.000001

                               13           14           15           16
     1    1  O     1s        0.000000     0.000000     0.036482     0.069756
     2    1  O     2s        0.000000     0.000000     0.256059     0.384007
     3    1  O     3py       0.000000    -0.000000     0.000000     0.000000
     4    1  O     3pz       0.000000     0.000000     0.008132     0.004087
     5    1  O     3px       0.000000     0.000000     0.293674     0.147585
     6    1  O     3s        0.000000     0.000000     0.433379     0.688724
     7    1  O     4py       0.000000    -0.000000     0.000000     0.000000
     8    1  O     4pz       0.000000     0.000000     0.016211     0.013265
     9    1  O     4px       0.000000     0.000000     0.585392     0.479030
    10    1  O     3d-2      0.000000     0.000000     0.000000     0.000000
    11    1  O     3d-1     -0.000000     0.000000     0.000000     0.000000
    12    1  O     3d0       0.000000    -0.000000    -0.195581    -0.034941
    13    1  O     3d+1      1.000000     0.000000     0.018790     0.003357
    14    1  O     3d+2      0.000000     1.000000     0.339277     0.060612

    15    2  H     1s        0.018790     0.339277     1.000000     0.658292
    16    2  H     1s        0.003357     0.060612     0.658292     1.000000
    17    2  H     1py      -0.000000    -0.000000     0.000000     0.000000
    18    2  H     1pz       0.405984    -0.016717     0.000000     0.000000
    19    2  H     1px      -0.022166    -0.196769     0.000000     0.000000

    20    3  H     1s       -0.192667     0.029849     0.053530     0.227413
    21    3  H     1s       -0.034088     0.005281     0.227413     0.520592
    22    3  H     1py      -0.000000     0.000000    -0.000000    -0.000000
    23    3  H     1pz       0.204587    -0.050555    -0.037946    -0.077434
    24    3  H     1px       0.291797    -0.106076     0.053232     0.108626

    25    4  O     1s       -0.000000     0.000000     0.000045     0.011691
    26    4  O     2s       -0.000001     0.000015     0.002970     0.080828
    27    4  O     3py       0.000000    -0.000000     0.000000     0.000000
    28    4  O     3pz       0.000003     0.000002     0.000397     0.004332
    29    4  O     3px       0.000003    -0.000044    -0.005860    -0.063967
    30    4  O     3s       -0.000347     0.004668     0.048166     0.220258
    31    4  O     4py       0.000000    -0.000000     0.000000     0.000000
    32    4  O     4pz       0.003159     0.000753     0.009219     0.022020
    33    4  O     4px       0.001387    -0.017054    -0.136141    -0.325163
    34    4  O     3d-2     -0.000000     0.000000    -0.000000    -0.000000
    35    4  O     3d-1     -0.000000    -0.000000     0.000000     0.000000
    36    4  O     3d0       0.000027    -0.000278    -0.012312    -0.034319
    37    4  O     3d+1     -0.000085    -0.000039    -0.002915    -0.008125
    38    4  O     3d+2     -0.000039     0.000487     0.021522     0.059993

    39    5  H     1s       -0.000003     0.000007     0.000705     0.039886
    40    5  H     1s       -0.002041     0.004877     0.039886     0.177981
    41    5  H     1py       0.000000    -0.000000    -0.000147    -0.010303
    42    5  H     1pz      -0.000000     0.000000     0.000127     0.008919
    43    5  H     1px       0.000000    -0.000001    -0.000435    -0.030452

    44    6  H     1s       -0.000003     0.000007     0.000705     0.039886
    45    6  H     1s       -0.002041     0.004877     0.039886     0.177981
    46    6  H     1py      -0.000000     0.000000     0.000147     0.010303
    47    6  H     1pz      -0.000000     0.000000     0.000127     0.008919
    48    6  H     1px       0.000000    -0.000001    -0.000435    -0.030452

                               17           18           19           20
     1    1  O     1s       -0.000000    -0.001694    -0.061182     0.037238
     2    1  O     2s       -0.000000    -0.009621    -0.347446     0.259662
     3    1  O     3py       0.149253    -0.000000    -0.000000    -0.000000
     4    1  O     3pz      -0.000000     0.148842    -0.014850     0.283525
     5    1  O     3px      -0.000000    -0.014850    -0.387024    -0.087849
     6    1  O     3s       -0.000000    -0.007257    -0.262052     0.436284
     7    1  O     4py       0.281782    -0.000000    -0.000000    -0.000000
     8    1  O     4pz      -0.000000     0.281481    -0.010837     0.560160
     9    1  O     4px      -0.000000    -0.010837    -0.109568    -0.173563
    10    1  O     3d-2      0.406910    -0.000000    -0.000000     0.000000
    11    1  O     3d-1      0.011268     0.000000    -0.000000    -0.000000
    12    1  O     3d0       0.000000     0.022648     0.113070     0.341774
    13    1  O     3d+1     -0.000000     0.405984    -0.022166    -0.192667
    14    1  O     3d+2     -0.000000    -0.016717    -0.196769     0.029849

    15    2  H     1s        0.000000     0.000000     0.000000     0.053530
    16    2  H     1s        0.000000     0.000000     0.000000     0.227413
    17    2  H     1py       1.000000    -0.000000    -0.000000     0.000000
    18    2  H     1pz      -0.000000     1.000000    -0.000000     0.037946
    19    2  H     1px      -0.000000    -0.000000     1.000000    -0.053232

    20    3  H     1s        0.000000     0.037946    -0.053232     1.000000
    21    3  H     1s        0.000000     0.077434    -0.108626     0.658292
    22    3  H     1py       0.011651    -0.000000     0.000000     0.000000
    23    3  H     1pz      -0.000000    -0.023306     0.049038     0.000000
    24    3  H     1px       0.000000     0.049038    -0.057141     0.000000

    25    4  O     1s       -0.000000    -0.000000     0.000003     0.000000
    26    4  O     2s       -0.000000    -0.000139     0.002055     0.000000
    27    4  O     3py       0.000347    -0.000000     0.000000    -0.000000
    28    4  O     3pz      -0.000000     0.000323     0.000359     0.000000
    29    4  O     3px       0.000000     0.000359    -0.004951    -0.000000
    30    4  O     3s       -0.000000    -0.003257     0.048102     0.000297
    31    4  O     4py       0.024369    -0.000000     0.000000    -0.000000
    32    4  O     4pz      -0.000000     0.023670     0.010325     0.000416
    33    4  O     4px       0.000000     0.010325    -0.128104    -0.001333
    34    4  O     3d-2     -0.004626     0.000000    -0.000000     0.000000
    35    4  O     3d-1      0.000313     0.000000     0.000000    -0.000000
    36    4  O     3d0       0.000000     0.001559    -0.015015    -0.000002
    37    4  O     3d+1      0.000000    -0.004342    -0.003874    -0.000003
    38    4  O     3d+2     -0.000000    -0.002094     0.026291     0.000004

    39    5  H     1s        0.000147    -0.000127     0.000435     0.000000
    40    5  H     1s        0.010303    -0.008919     0.030452     0.000643
    41    5  H     1py      -0.000010     0.000015    -0.000051    -0.000000
    42    5  H     1pz       0.000015    -0.000005     0.000044     0.000000
    43    5  H     1px      -0.000051     0.000044    -0.000144    -0.000000

    44    6  H     1s       -0.000147    -0.000127     0.000435     0.000000
    45    6  H     1s       -0.010303    -0.008919     0.030452     0.000643
    46    6  H     1py      -0.000010    -0.000015     0.000051     0.000000
    47    6  H     1pz      -0.000015    -0.000005     0.000044     0.000000
    48    6  H     1px       0.000051     0.000044    -0.000144    -0.000000

                               21           22           23           24
     1    1  O     1s        0.070133     0.000000    -0.060109     0.018624
     2    1  O     2s        0.385816     0.000000    -0.335911     0.104080
     3    1  O     3py      -0.000000     0.152133     0.000000    -0.000000
     4    1  O     3pz       0.140950     0.000000    -0.341980     0.153098
     5    1  O     3px      -0.043673    -0.000000     0.153098     0.104696
     6    1  O     3s        0.691097     0.000000    -0.250920     0.077746
     7    1  O     4py      -0.000000     0.283870     0.000000    -0.000000
     8    1  O     4pz       0.456874     0.000000    -0.072296     0.110356
     9    1  O     4px      -0.141560    -0.000000     0.110356     0.249677
    10    1  O     3d-2      0.000000    -0.121741    -0.000000    -0.000000
    11    1  O     3d-1     -0.000000     0.392908     0.000000    -0.000000
    12    1  O     3d0       0.060469     0.000000    -0.125183     0.249648
    13    1  O     3d+1     -0.034088    -0.000000     0.204587     0.291797
    14    1  O     3d+2      0.005281     0.000000    -0.050555    -0.106076

    15    2  H     1s        0.227413    -0.000000    -0.037946     0.053232
    16    2  H     1s        0.520592    -0.000000    -0.077434     0.108626
    17    2  H     1py       0.000000     0.011651    -0.000000     0.000000
    18    2  H     1pz       0.077434    -0.000000    -0.023306     0.049038
    19    2  H     1px      -0.108626     0.000000     0.049038    -0.057141

    20    3  H     1s        0.658292     0.000000     0.000000     0.000000
    21    3  H     1s        1.000000     0.000000     0.000000     0.000000
    22    3  H     1py       0.000000     1.000000     0.000000    -0.000000
    23    3  H     1pz       0.000000     0.000000     1.000000     0.000000
    24    3  H     1px       0.000000    -0.000000     0.000000     1.000000

    25    4  O     1s        0.000176     0.000000    -0.000000     0.000000
    26    4  O     2s        0.002055     0.000000    -0.000000     0.000000
    27    4  O     3py      -0.000000     0.000000     0.000000    -0.000000
    28    4  O     3pz       0.000775     0.000000    -0.000000     0.000000
    29    4  O     3px      -0.002482    -0.000000     0.000000    -0.000000
    30    4  O     3s        0.015096     0.000000    -0.000077     0.000245
    31    4  O     4py      -0.000000     0.000077     0.000000    -0.000000
    32    4  O     4pz       0.011198     0.000000    -0.000045     0.000391
    33    4  O     4px      -0.035877    -0.000000     0.000391    -0.001174
    34    4  O     3d-2      0.000000    -0.000000    -0.000000     0.000000
    35    4  O     3d-1     -0.000000     0.000000     0.000000    -0.000000
    36    4  O     3d0      -0.002049    -0.000000     0.000000    -0.000000
    37    4  O     3d+1     -0.002752    -0.000000     0.000000    -0.000000
    38    4  O     3d+2      0.004408     0.000000    -0.000000     0.000001

    39    5  H     1s        0.000643     0.000000    -0.000000     0.000000
    40    5  H     1s        0.013757     0.000118    -0.000239     0.000542
    41    5  H     1py      -0.000118    -0.000000     0.000000    -0.000000
    42    5  H     1pz       0.000239     0.000000    -0.000000     0.000000
    43    5  H     1px      -0.000542    -0.000000     0.000000    -0.000000

    44    6  H     1s        0.000643    -0.000000    -0.000000     0.000000
    45    6  H     1s        0.013757    -0.000118    -0.000239     0.000542
    46    6  H     1py       0.000118    -0.000000    -0.000000     0.000000
    47    6  H     1pz       0.000239    -0.000000    -0.000000     0.000000
    48    6  H     1px      -0.000542     0.000000     0.000000    -0.000000

                               25           26           27           28
     1    1  O     1s        0.000000     0.000000    -0.000000     0.000000
     2    1  O     2s        0.000000     0.000000    -0.000000     0.000000
     3    1  O     3py       0.000000     0.000000     0.000000     0.000000
     4    1  O     3pz      -0.000000    -0.000000     0.000000     0.000000
     5    1  O     3px       0.000000     0.000001    -0.000000     0.000000
     6    1  O     3s        0.000047     0.001033    -0.000000     0.000063
     7    1  O     4py       0.000000     0.000000     0.000579     0.000000
     8    1  O     4pz      -0.000010    -0.000175     0.000000     0.000568
     9    1  O     4px       0.000265     0.004715    -0.000000     0.000289
    10    1  O     3d-2      0.000000     0.000000     0.000003     0.000000
    11    1  O     3d-1     -0.000000    -0.000000    -0.000000     0.000000
    12    1  O     3d0      -0.000000    -0.000008     0.000000    -0.000001
    13    1  O     3d+1     -0.000000    -0.000001     0.000000     0.000003
    14    1  O     3d+2      0.000000     0.000015    -0.000000     0.000002

    15    2  H     1s        0.000045     0.002970     0.000000     0.000397
    16    2  H     1s        0.011691     0.080828     0.000000     0.004332
    17    2  H     1py      -0.000000    -0.000000     0.000347    -0.000000
    18    2  H     1pz      -0.000000    -0.000139    -0.000000     0.000323
    19    2  H     1px       0.000003     0.002055     0.000000     0.000359

    20    3  H     1s        0.000000     0.000000    -0.000000     0.000000
    21    3  H     1s        0.000176     0.002055    -0.000000     0.000775
    22    3  H     1py       0.000000     0.000000     0.000000     0.000000
    23    3  H     1pz      -0.000000    -0.000000     0.000000    -0.000000
    24    3  H     1px       0.000000     0.000000    -0.000000     0.000000

    25    4  O     1s        1.000000     0.233690     0.000000     0.000000
    26    4  O     2s        0.233690     1.000000     0.000000     0.000000
    27    4  O     3py       0.000000     0.000000     1.000000    -0.000000
    28    4  O     3pz       0.000000     0.000000    -0.000000     1.000000
    29    4  O     3px       0.000000     0.000000     0.000000     0.000000
    30    4  O     3s        0.167280     0.763641    -0.000000    -0.000000
    31    4  O     4py       0.000000     0.000000     0.501521    -0.000000
    32    4  O     4pz       0.000000     0.000000    -0.000000     0.501521
    33    4  O     4px       0.000000     0.000000     0.000000     0.000000
    34    4  O     3d-2      0.000000     0.000000     0.000000     0.000000
    35    4  O     3d-1      0.000000     0.000000     0.000000     0.000000
    36    4  O     3d0       0.000000     0.000000    -0.000000     0.000000
    37    4  O     3d+1      0.000000     0.000000     0.000000     0.000000
    38    4  O     3d+2      0.000000     0.000000    -0.000000    -0.000000

    39    5  H     1s        0.037029     0.258667     0.237112    -0.162567
    40    5  H     1s        0.070029     0.385318     0.118228    -0.081059
    41    5  H     1py      -0.050028    -0.280816    -0.195345     0.237689
    42    5  H     1pz       0.034300     0.192530     0.237689    -0.011626
    43    5  H     1px      -0.014856    -0.083391    -0.102950     0.070584

    44    6  H     1s        0.037029     0.258667    -0.237112    -0.162567
    45    6  H     1s        0.070029     0.385318    -0.118228    -0.081059
    46    6  H     1py       0.050028     0.280816    -0.195345    -0.237689
    47    6  H     1pz       0.034300     0.192530    -0.237689    -0.011626
    48    6  H     1px      -0.014856    -0.083391     0.102950     0.070584

                               29           30           31           32
     1    1  O     1s       -0.000000     0.000047    -0.000000     0.000010
     2    1  O     2s       -0.000001     0.001033    -0.000000     0.000175
     3    1  O     3py      -0.000000     0.000000     0.000579     0.000000
     4    1  O     3pz       0.000000    -0.000063     0.000000     0.000568
     5    1  O     3px      -0.000002     0.001682    -0.000000     0.000289
     6    1  O     3s       -0.001682     0.014667    -0.000000     0.001583
     7    1  O     4py      -0.000000     0.000000     0.014667     0.000000
     8    1  O     4pz       0.000289    -0.001583     0.000000     0.014497
     9    1  O     4px      -0.007194     0.042593    -0.000000     0.004597
    10    1  O     3d-2     -0.000000     0.000000     0.003215     0.000000
    11    1  O     3d-1      0.000000    -0.000000    -0.000119     0.000000
    12    1  O     3d0       0.000025    -0.002687     0.000000    -0.000572
    13    1  O     3d+1      0.000003    -0.000347     0.000000     0.003159
    14    1  O     3d+2     -0.000044     0.004668    -0.000000     0.000753

    15    2  H     1s       -0.005860     0.048166     0.000000     0.009219
    16    2  H     1s       -0.063967     0.220258     0.000000     0.022020
    17    2  H     1py       0.000000    -0.000000     0.024369    -0.000000
    18    2  H     1pz       0.000359    -0.003257    -0.000000     0.023670
    19    2  H     1px      -0.004951     0.048102     0.000000     0.010325

    20    3  H     1s       -0.000000     0.000297    -0.000000     0.000416
    21    3  H     1s       -0.002482     0.015096    -0.000000     0.011198
    22    3  H     1py      -0.000000     0.000000     0.000077     0.000000
    23    3  H     1pz       0.000000    -0.000077     0.000000    -0.000045
    24    3  H     1px      -0.000000     0.000245    -0.000000     0.000391

    25    4  O     1s        0.000000     0.167280     0.000000     0.000000
    26    4  O     2s        0.000000     0.763641     0.000000     0.000000
    27    4  O     3py       0.000000    -0.000000     0.501521    -0.000000
    28    4  O     3pz       0.000000    -0.000000    -0.000000     0.501521
    29    4  O     3px       1.000000     0.000000     0.000000     0.000000
    30    4  O     3s        0.000000     1.000000     0.000000     0.000000
    31    4  O     4py       0.000000     0.000000     1.000000    -0.000000
    32    4  O     4pz       0.000000     0.000000    -0.000000     1.000000
    33    4  O     4px       0.501521     0.000000     0.000000     0.000000
    34    4  O     3d-2      0.000000     0.000000     0.000000     0.000000
    35    4  O     3d-1      0.000000     0.000000     0.000000     0.000000
    36    4  O     3d0       0.000000    -0.000000    -0.000000     0.000000
    37    4  O     3d+1      0.000000     0.000000     0.000000     0.000000
    38    4  O     3d+2      0.000000     0.000000    -0.000000     0.000000

    39    5  H     1s        0.070413     0.435484     0.469608    -0.321969
    40    5  H     1s        0.035109     0.690445     0.383366    -0.262840
    41    5  H     1py      -0.102950    -0.210321     0.032554     0.171911
    42    5  H     1pz       0.070584     0.144198     0.171911     0.165431
    43    5  H     1px       0.120764    -0.062457    -0.074460     0.051051

    44    6  H     1s        0.070413     0.435484    -0.469608    -0.321969
    45    6  H     1s        0.035109     0.690445    -0.383366    -0.262840
    46    6  H     1py       0.102950     0.210321     0.032554    -0.171911
    47    6  H     1pz       0.070584     0.144198    -0.171911     0.165431
    48    6  H     1px       0.120764    -0.062457     0.074460     0.051051

                               33           34           35           36
     1    1  O     1s       -0.000265     0.000000    -0.000000    -0.000000
     2    1  O     2s       -0.004715     0.000000    -0.000000    -0.000008
     3    1  O     3py      -0.000000    -0.000003     0.000000    -0.000000
     4    1  O     3pz       0.000289    -0.000000    -0.000000     0.000001
     5    1  O     3px      -0.007194     0.000000    -0.000000    -0.000025
     6    1  O     3s       -0.042593     0.000000    -0.000000    -0.002687
     7    1  O     4py      -0.000000    -0.003215     0.000119    -0.000000
     8    1  O     4pz       0.004597    -0.000000    -0.000000     0.000572
     9    1  O     4px      -0.109017     0.000000    -0.000000    -0.009814
    10    1  O     3d-2     -0.000000    -0.000089     0.000003    -0.000000
    11    1  O     3d-1      0.000000     0.000003     0.000004     0.000000
    12    1  O     3d0       0.009814    -0.000000     0.000000     0.000164
    13    1  O     3d+1      0.001387    -0.000000    -0.000000     0.000027
    14    1  O     3d+2     -0.017054     0.000000    -0.000000    -0.000278

    15    2  H     1s       -0.136141    -0.000000     0.000000    -0.012312
    16    2  H     1s       -0.325163    -0.000000     0.000000    -0.034319
    17    2  H     1py       0.000000    -0.004626     0.000313     0.000000
    18    2  H     1pz       0.010325     0.000000     0.000000     0.001559
    19    2  H     1px      -0.128104    -0.000000     0.000000    -0.015015

    20    3  H     1s       -0.001333     0.000000    -0.000000    -0.000002
    21    3  H     1s       -0.035877     0.000000    -0.000000    -0.002049
    22    3  H     1py      -0.000000    -0.000000     0.000000    -0.000000
    23    3  H     1pz       0.000391    -0.000000     0.000000     0.000000
    24    3  H     1px      -0.001174     0.000000    -0.000000    -0.000000

    25    4  O     1s        0.000000     0.000000     0.000000     0.000000
    26    4  O     2s        0.000000     0.000000     0.000000     0.000000
    27    4  O     3py       0.000000     0.000000     0.000000    -0.000000
    28    4  O     3pz       0.000000     0.000000     0.000000     0.000000
    29    4  O     3px       0.501521     0.000000     0.000000     0.000000
    30    4  O     3s        0.000000     0.000000     0.000000    -0.000000
    31    4  O     4py       0.000000     0.000000     0.000000    -0.000000
    32    4  O     4pz       0.000000     0.000000     0.000000     0.000000
    33    4  O     4px       1.000000     0.000000     0.000000     0.000000
    34    4  O     3d-2      0.000000     1.000000     0.000000     0.000000
    35    4  O     3d-1      0.000000     0.000000     1.000000    -0.000000
    36    4  O     3d0       0.000000     0.000000    -0.000000     1.000000
    37    4  O     3d+1      0.000000    -0.000000     0.000000     0.000000
    38    4  O     3d+2      0.000000     0.000000     0.000000    -0.000000

    39    5  H     1s        0.139455     0.129752    -0.299567    -0.018675
    40    5  H     1s        0.113844     0.023018    -0.053143    -0.003313
    41    5  H     1py      -0.074460    -0.086930     0.200702    -0.163148
    42    5  H     1pz       0.051051     0.126498     0.036521    -0.278333
    43    5  H     1px       0.261183     0.273786     0.126498    -0.048449

    44    6  H     1s        0.139455    -0.129752     0.299567    -0.018675
    45    6  H     1s        0.113844    -0.023018     0.053143    -0.003313
    46    6  H     1py       0.074460    -0.086930     0.200702     0.163148
    47    6  H     1pz       0.051051    -0.126498    -0.036521    -0.278333
    48    6  H     1px       0.261183    -0.273786    -0.126498    -0.048449

                               37           38           39           40
     1    1  O     1s       -0.000000     0.000000     0.000000     0.000220
     2    1  O     2s       -0.000001     0.000015     0.000000     0.002508
     3    1  O     3py      -0.000000     0.000000     0.000000     0.000709
     4    1  O     3pz      -0.000003    -0.000002    -0.000000    -0.000589
     5    1  O     3px      -0.000003     0.000044     0.000000     0.002985
     6    1  O     3s       -0.000347     0.004668     0.000391     0.017457
     7    1  O     4py      -0.000000     0.000000     0.000410     0.009693
     8    1  O     4pz      -0.003159    -0.000753    -0.000341    -0.008054
     9    1  O     4px      -0.001387     0.017054     0.001725     0.040791
    10    1  O     3d-2     -0.000000     0.000000     0.000003     0.002457
    11    1  O     3d-1     -0.000000    -0.000000    -0.000001    -0.000485
    12    1  O     3d0       0.000027    -0.000278    -0.000004    -0.002920
    13    1  O     3d+1     -0.000085    -0.000039    -0.000003    -0.002041
    14    1  O     3d+2     -0.000039     0.000487     0.000007     0.004877

    15    2  H     1s       -0.002915     0.021522     0.000705     0.039886
    16    2  H     1s       -0.008125     0.059993     0.039886     0.177981
    17    2  H     1py       0.000000    -0.000000     0.000147     0.010303
    18    2  H     1pz      -0.004342    -0.002094    -0.000127    -0.008919
    19    2  H     1px      -0.003874     0.026291     0.000435     0.030452

    20    3  H     1s       -0.000003     0.000004     0.000000     0.000643
    21    3  H     1s       -0.002752     0.004408     0.000643     0.013757
    22    3  H     1py      -0.000000     0.000000     0.000000     0.000118
    23    3  H     1pz       0.000000    -0.000000    -0.000000    -0.000239
    24    3  H     1px      -0.000000     0.000001     0.000000     0.000542

    25    4  O     1s        0.000000     0.000000     0.037029     0.070029
    26    4  O     2s        0.000000     0.000000     0.258667     0.385318
    27    4  O     3py       0.000000    -0.000000     0.237112     0.118228
    28    4  O     3pz       0.000000    -0.000000    -0.162567    -0.081059
    29    4  O     3px       0.000000     0.000000     0.070413     0.035109
    30    4  O     3s        0.000000     0.000000     0.435484     0.690445
    31    4  O     4py       0.000000    -0.000000     0.469608     0.383366
    32    4  O     4pz       0.000000     0.000000    -0.321969    -0.262840
    33    4  O     4px       0.000000     0.000000     0.139455     0.113844
    34    4  O     3d-2     -0.000000     0.000000     0.129752     0.023018
    35    4  O     3d-1      0.000000     0.000000    -0.299567    -0.053143
    36    4  O     3d0       0.000000    -0.000000    -0.018675    -0.003313
    37    4  O     3d+1      1.000000     0.000000    -0.088959    -0.015781
    38    4  O     3d+2      0.000000     1.000000    -0.199201    -0.035338

    39    5  H     1s       -0.088959    -0.199201     1.000000     0.658292
    40    5  H     1s       -0.015781    -0.035338     0.658292     1.000000
    41    5  H     1py       0.126498    -0.045316     0.000000     0.000000
    42    5  H     1pz       0.010845    -0.194207     0.000000     0.000000
    43    5  H     1px      -0.187711     0.181691     0.000000     0.000000

    44    6  H     1s       -0.088959    -0.199201     0.052288     0.225332
    45    6  H     1s       -0.015781    -0.035338     0.225332     0.517657
    46    6  H     1py      -0.126498     0.045316     0.063781     0.132662
    47    6  H     1pz       0.010845    -0.194207     0.000000     0.000000
    48    6  H     1px      -0.187711     0.181691     0.000000     0.000000

                               41           42           43           44
     1    1  O     1s       -0.000000     0.000000    -0.000000     0.000000
     2    1  O     2s       -0.000000     0.000000    -0.000000     0.000000
     3    1  O     3py      -0.000000     0.000000    -0.000000    -0.000000
     4    1  O     3pz       0.000000    -0.000000     0.000000    -0.000000
     5    1  O     3px      -0.000000     0.000000    -0.000000     0.000000
     6    1  O     3s       -0.000078     0.000065    -0.000329     0.000391
     7    1  O     4py       0.000012     0.000078    -0.000393    -0.000410
     8    1  O     4pz       0.000078     0.000041     0.000326    -0.000341
     9    1  O     4px      -0.000393     0.000326    -0.001547     0.001725
    10    1  O     3d-2     -0.000000     0.000000    -0.000001    -0.000003
    11    1  O     3d-1      0.000000    -0.000000     0.000000     0.000001
    12    1  O     3d0       0.000000    -0.000000     0.000001    -0.000004
    13    1  O     3d+1      0.000000    -0.000000     0.000000    -0.000003
    14    1  O     3d+2     -0.000000     0.000000    -0.000001     0.000007

    15    2  H     1s       -0.000147     0.000127    -0.000435     0.000705
    16    2  H     1s       -0.010303     0.008919    -0.030452     0.039886
    17    2  H     1py      -0.000010     0.000015    -0.000051    -0.000147
    18    2  H     1pz       0.000015    -0.000005     0.000044    -0.000127
    19    2  H     1px      -0.000051     0.000044    -0.000144     0.000435

    20    3  H     1s       -0.000000     0.000000    -0.000000     0.000000
    21    3  H     1s       -0.000118     0.000239    -0.000542     0.000643
    22    3  H     1py      -0.000000     0.000000    -0.000000    -0.000000
    23    3  H     1pz       0.000000    -0.000000     0.000000    -0.000000
    24    3  H     1px      -0.000000     0.000000    -0.000000     0.000000

    25    4  O     1s       -0.050028     0.034300    -0.014856     0.037029
    26    4  O     2s       -0.280816     0.192530    -0.083391     0.258667
    27    4  O     3py      -0.195345     0.237689    -0.102950    -0.237112
    28    4  O     3pz       0.237689    -0.011626     0.070584    -0.162567
    29    4  O     3px      -0.102950     0.070584     0.120764     0.070413
    30    4  O     3s       -0.210321     0.144198    -0.062457     0.435484
    31    4  O     4py       0.032554     0.171911    -0.074460    -0.469608
    32    4  O     4pz       0.171911     0.165431     0.051051    -0.321969
    33    4  O     4px      -0.074460     0.051051     0.261183     0.139455
    34    4  O     3d-2     -0.086930     0.126498     0.273786    -0.129752
    35    4  O     3d-1      0.200702     0.036521     0.126498     0.299567
    36    4  O     3d0      -0.163148    -0.278333    -0.048449    -0.018675
    37    4  O     3d+1      0.126498     0.010845    -0.187711    -0.088959
    38    4  O     3d+2     -0.045316    -0.194207     0.181691    -0.199201

    39    5  H     1s        0.000000     0.000000     0.000000     0.052288
    40    5  H     1s        0.000000     0.000000     0.000000     0.225332
    41    5  H     1py       1.000000     0.000000     0.000000    -0.063781
    42    5  H     1pz       0.000000     1.000000     0.000000     0.000000
    43    5  H     1px       0.000000     0.000000     1.000000     0.000000

    44    6  H     1s       -0.063781     0.000000     0.000000     1.000000
    45    6  H     1s       -0.132662     0.000000     0.000000     0.658292
    46    6  H     1py      -0.089478     0.000000     0.000000     0.000000
    47    6  H     1pz       0.000000     0.011210     0.000000     0.000000
    48    6  H     1px       0.000000     0.000000     0.011210     0.000000

                               45           46           47           48
     1    1  O     1s        0.000220     0.000000     0.000000    -0.000000
     2    1  O     2s        0.002508     0.000000     0.000000    -0.000000
     3    1  O     3py      -0.000709    -0.000000    -0.000000     0.000000
     4    1  O     3pz      -0.000589    -0.000000    -0.000000     0.000000
     5    1  O     3px       0.002985     0.000000     0.000000    -0.000000
     6    1  O     3s        0.017457     0.000078     0.000065    -0.000329
     7    1  O     4py      -0.009693     0.000012    -0.000078     0.000393
     8    1  O     4pz      -0.008054    -0.000078     0.000041     0.000326
     9    1  O     4px       0.040791     0.000393     0.000326    -0.001547
    10    1  O     3d-2     -0.002457    -0.000000    -0.000000     0.000001
    11    1  O     3d-1      0.000485     0.000000     0.000000    -0.000000
    12    1  O     3d0      -0.002920    -0.000000    -0.000000     0.000001
    13    1  O     3d+1     -0.002041    -0.000000    -0.000000     0.000000
    14    1  O     3d+2      0.004877     0.000000     0.000000    -0.000001

    15    2  H     1s        0.039886     0.000147     0.000127    -0.000435
    16    2  H     1s        0.177981     0.010303     0.008919    -0.030452
    17    2  H     1py      -0.010303    -0.000010    -0.000015     0.000051
    18    2  H     1pz      -0.008919    -0.000015    -0.000005     0.000044
    19    2  H     1px       0.030452     0.000051     0.000044    -0.000144

    20    3  H     1s        0.000643     0.000000     0.000000    -0.000000
    21    3  H     1s        0.013757     0.000118     0.000239    -0.000542
    22    3  H     1py      -0.000118    -0.000000    -0.000000     0.000000
    23    3  H     1pz      -0.000239    -0.000000    -0.000000     0.000000
    24    3  H     1px       0.000542     0.000000     0.000000    -0.000000

    25    4  O     1s        0.070029     0.050028     0.034300    -0.014856
    26    4  O     2s        0.385318     0.280816     0.192530    -0.083391
    27    4  O     3py      -0.118228    -0.195345    -0.237689     0.102950
    28    4  O     3pz      -0.081059    -0.237689    -0.011626     0.070584
    29    4  O     3px       0.035109     0.102950     0.070584     0.120764
    30    4  O     3s        0.690445     0.210321     0.144198    -0.062457
    31    4  O     4py      -0.383366     0.032554    -0.171911     0.074460
    32    4  O     4pz      -0.262840    -0.171911     0.165431     0.051051
    33    4  O     4px       0.113844     0.074460     0.051051     0.261183
    34    4  O     3d-2     -0.023018    -0.086930    -0.126498    -0.273786
    35    4  O     3d-1      0.053143     0.200702    -0.036521    -0.126498
    36    4  O     3d0      -0.003313     0.163148    -0.278333    -0.048449
    37    4  O     3d+1     -0.015781    -0.126498     0.010845    -0.187711
    38    4  O     3d+2     -0.035338     0.045316    -0.194207     0.181691

    39    5  H     1s        0.225332     0.063781     0.000000     0.000000
    40    5  H     1s        0.517657     0.132662     0.000000     0.000000
    41    5  H     1py      -0.132662    -0.089478     0.000000     0.000000
    42    5  H     1pz       0.000000     0.000000     0.011210     0.000000
    43    5  H     1px       0.000000     0.000000     0.000000     0.011210

    44    6  H     1s        0.658292     0.000000     0.000000     0.000000
    45    6  H     1s        1.000000     0.000000     0.000000     0.000000
    46    6  H     1py       0.000000     1.000000     0.000000     0.000000
    47    6  H     1pz       0.000000     0.000000     1.000000     0.000000
    48    6  H     1px       0.000000     0.000000     0.000000     1.000000


